Supercombinator definitions
Code for id
 Code:{Push 0
       Eval
       Update 1
       Pop 1
       Unwind}



Code for compose
 Code:{Push 2
       Push 2
       MkAppl
       Push 1
       MkAppl
       Eval
       Update 3
       Pop 3
       Unwind}



Code for twice
 Code:{Push 0
       Push 1
       Pushglobal compose
       MkAppl
       MkAppl
       Eval
       Update 1
       Pop 1
       Unwind}



Code for cons
 Code:{Pushglobal Pack{2,2}
       Eval
       Update 0
       Pop 0
       Unwind}



Code for nil
 Code:{Pack 1, 0
       Update 0
       Pop 0
       Unwind}



Code for *pack2,2
 Code:{Pushglobal Pack{2,2}
       Eval
       Update 0
       Pop 0
       Unwind}



Code for *pack1,0
 Code:{Pack 1, 0
       Update 0
       Pop 0
       Unwind}



Code for id
 Code:{Push 0
       Eval
       Update 1
       Pop 1
       Unwind}



Code for compose
 Code:{Push 2
       Push 2
       MkAppl
       Push 1
       MkAppl
       Eval
       Update 3
       Pop 3
       Unwind}



Code for twice
 Code:{Push 0
       Push 1
       Pushglobal compose
       MkAppl
       MkAppl
       Eval
       Update 1
       Pop 1
       Unwind}



Code for length
 Code:{Push 0
       Eval
       (Casejump
       1 -> {Split 0; Pushint 0; Update 1; Pop 1; ...}
       2 -> {Split 2; Push 1; Pushglobal length; MkAppl; ...})}



Code for downfrom
 Code:{Pushbasic 0
       Push 0
       Eval
       S2V
       Eq
       (Cond
       1 -> {Pushglobal *pack1,0; Eval; Update 1; ...}
       0 -> {Pushint 1; Push 1; Pushglobal -; ...})}



Code for filter
 Code:{Push 1
       Eval
       (Casejump
       1 -> {Split 0; Pushglobal *pack1,0; Eval; Update 2; ...}
       2 -> {Split 2; Push 1; Push 3; Pushglobal filter; ...})}



Code for take
 Code:{Push 1
       Eval
       (Casejump
       1 -> {Split 0; Pushglobal *pack1,0; Eval; Update 2; ...}
       2 -> {Split 2; Pushbasic 0; Push 2; Eval; ...})}



Code for from
 Code:{Pushint 1
       Push 1
       Pushglobal +
       MkAppl
       MkAppl
       Pushglobal from
       MkAppl
       Push 1
       Pushglobal *pack2,2
       MkAppl
       MkAppl
       Eval
       Update 1
       Pop 1
       Unwind}



Code for main
 Code:{Pushint 4
       Pushglobal downfrom
       MkAppl
       Eval
       Update 0
       Pop 0
       Unwind}



Code for +
 Code:{Push 1
       Eval
       S2V
       Push 0
       Eval
       S2V
       Add
       Mkint
       Update 2
       Pop 2
       Unwind}



Code for -
 Code:{Push 1
       Eval
       S2V
       Push 0
       Eval
       S2V
       Sub
       Mkint
       Update 2
       Pop 2
       Unwind}



Code for *
 Code:{Push 1
       Eval
       S2V
       Push 0
       Eval
       S2V
       Mul
       Mkint
       Update 2
       Pop 2
       Unwind}



Code for /
 Code:{Push 1
       Eval
       S2V
       Push 0
       Eval
       S2V
       Div
       Mkint
       Update 2
       Pop 2
       Unwind}



Code for neg
 Code:{Push 0
       Eval
       S2V
       Neg
       Mkint
       Update 1
       Pop 1
       Unwind}



Code for ==
 Code:{Push 1
       Eval
       S2V
       Push 0
       Eval
       S2V
       Eq
       Mkbool
       Update 2
       Pop 2
       Unwind}



Code for !=
 Code:{Push 1
       Eval
       S2V
       Push 0
       Eval
       S2V
       Ne
       Mkbool
       Update 2
       Pop 2
       Unwind}



Code for >=
 Code:{Push 1
       Eval
       S2V
       Push 0
       Eval
       S2V
       Ge
       Mkbool
       Update 2
       Pop 2
       Unwind}



Code for >
 Code:{Push 1
       Eval
       S2V
       Push 0
       Eval
       S2V
       Gt
       Mkbool
       Update 2
       Pop 2
       Unwind}



Code for <=
 Code:{Push 1
       Eval
       S2V
       Push 0
       Eval
       S2V
       Le
       Mkbool
       Update 2
       Pop 2
       Unwind}



Code for <
 Code:{Push 1
       Eval
       S2V
       Push 0
       Eval
       S2V
       Lt
       Mkbool
       Update 2
       Pop 2
       Unwind}



Code for if
 Code:{Push 0
       Eval
       S2V
       (Cond
       1 -> {Push 1; Eval; Update 3; ...}
       0 -> {Push 2; Eval; Update 3; ...})}



Code for |
 Code:{Push 1
       Eval
       S2V
       Push 0
       Eval
       S2V
       Or
       Mkbool
       Update 2
       Pop 2
       Unwind}



Code for &
 Code:{Push 1
       Eval
       S2V
       Push 0
       Eval
       S2V
       And
       Mkbool
       Update 2
       Pop 2
       Unwind}



Code for not
 Code:{Push 0
       Eval
       S2V
       Not
       Mkbool
       Update 1
       Pop 1
       Unwind}



Code for true
 Code:{Pack 2, 0
       Update 0
       Pop 0
       Unwind}



Code for false
 Code:{Pack 1, 0
       Update 0
       Pop 0
       Unwind}




State transitions

   1) Output:""
       Stack:[]
       Dump:[]
      VStack:[]
       Code:{Pushglobal main
             Eval
             Print}
      
      
   2) Output:""
       Stack:[#16: Global main]
       Dump:[]
      VStack:[]
       Code:{Eval
             Print}
      
      
   3) Output:""
       Stack:[#16: Global main]
       Dump:[<{Print}, []>]
      VStack:[]
       Code:{Unwind}
      
      
   4) Output:""
       Stack:[#16: Global main]
       Dump:[<{Print}, []>]
      VStack:[]
       Code:{Pushint 4
             Pushglobal downfrom
             MkAppl
             Eval
             Update 0
             Pop 0
             Unwind}
      
      
   5) Output:""
       Stack:[#16: Global main
              #34: 4]
       Dump:[<{Print}, []>]
      VStack:[]
       Code:{Pushglobal downfrom
             MkAppl
             Eval
             Update 0
             Pop 0
             Unwind}
      
      
   6) Output:""
       Stack:[#16: Global main
              #34: 4
              #12: Global downfrom]
       Dump:[<{Print}, []>]
      VStack:[]
       Code:{MkAppl
             Eval
             Update 0
             Pop 0
             Unwind}
      
      
   7) Output:""
       Stack:[#16: Global main
              #35: Appl #12 #34]
       Dump:[<{Print}, []>]
      VStack:[]
       Code:{Eval
             Update 0
             Pop 0
             Unwind}
      
      
   8) Output:""
       Stack:[#35: Appl #12 #34]
       Dump:[<{Print}, []>
             <{Update 0; Pop 0; Unwind}, [#16]>]
      VStack:[]
       Code:{Unwind}
      
      
   9) Output:""
       Stack:[#35: Appl #12 #34
              #12: Global downfrom]
       Dump:[<{Print}, []>
             <{Update 0; Pop 0; Unwind}, [#16]>]
      VStack:[]
       Code:{Unwind}
      
      
  10) Output:""
       Stack:[#35: Appl #12 #34
              #34: 4]
       Dump:[<{Print}, []>
             <{Update 0; Pop 0; Unwind}, [#16]>]
      VStack:[]
       Code:{Pushbasic 0
             Push 0
             Eval
             S2V
             Eq
             (Cond
             1 -> {Pushglobal *pack1,0; Eval; Update 1; ...}
             0 -> {Pushint 1; Push 1; Pushglobal -; ...})}
      
      
  11) Output:""
       Stack:[#35: Appl #12 #34
              #34: 4]
       Dump:[<{Print}, []>
             <{Update 0; Pop 0; Unwind}, [#16]>]
      VStack:[0]
       Code:{Push 0
             Eval
             S2V
             Eq
             (Cond
             1 -> {Pushglobal *pack1,0; Eval; Update 1; ...}
             0 -> {Pushint 1; Push 1; Pushglobal -; ...})}
      
      
  12) Output:""
       Stack:[#35: Appl #12 #34
              #34: 4
              #34: 4]
       Dump:[<{Print}, []>
             <{Update 0; Pop 0; Unwind}, [#16]>]
      VStack:[0]
       Code:{Eval
             S2V
             Eq
             (Cond
             1 -> {Pushglobal *pack1,0; Eval; Update 1; ...}
             0 -> {Pushint 1; Push 1; Pushglobal -; ...})}
      
      
  13) Output:""
       Stack:[#34: 4]
       Dump:[<{Print}, []>
             <{Update 0; Pop 0; Unwind}, [#16]>
             <{S2V; Eq; (Cond
             1 -> {Pushglobal *pack1,0; Eval; Update 1; ...}
             0 -> {Pushint 1; Push 1; Pushglobal -; ...})}, [#34, #35]>]
      VStack:[0]
       Code:{Unwind}
      
      
  14) Output:""
       Stack:[#35: Appl #12 #34
              #34: 4
              #34: 4]
       Dump:[<{Print}, []>
             <{Update 0; Pop 0; Unwind}, [#16]>]
      VStack:[0]
       Code:{S2V
             Eq
             (Cond
             1 -> {Pushglobal *pack1,0; Eval; Update 1; ...}
             0 -> {Pushint 1; Push 1; Pushglobal -; ...})}
      
      
  15) Output:""
       Stack:[#35: Appl #12 #34
              #34: 4]
       Dump:[<{Print}, []>
             <{Update 0; Pop 0; Unwind}, [#16]>]
      VStack:[4, 0]
       Code:{Eq
             (Cond
             1 -> {Pushglobal *pack1,0; Eval; Update 1; ...}
             0 -> {Pushint 1; Push 1; Pushglobal -; ...})}
      
      
  16) Output:""
       Stack:[#35: Appl #12 #34
              #34: 4]
       Dump:[<{Print}, []>
             <{Update 0; Pop 0; Unwind}, [#16]>]
      VStack:[1]
       Code:{(Cond
             1 -> {Pushglobal *pack1,0; Eval; Update 1; ...}
             0 -> {Pushint 1; Push 1; Pushglobal -; ...})}
      
      
  17) Output:""
       Stack:[#35: Appl #12 #34
              #34: 4]
       Dump:[<{Print}, []>
             <{Update 0; Pop 0; Unwind}, [#16]>]
      VStack:[]
       Code:{Pushint 1
             Push 1
             Pushglobal -
             MkAppl
             MkAppl
             Pushglobal downfrom
             MkAppl
             Push 1
             Pushglobal *pack2,2
             MkAppl
             MkAppl
             Eval
             Update 1
             Pop 1
             Unwind}
      
      
  18) Output:""
       Stack:[#35: Appl #12 #34
              #34: 4
              #36: 1]
       Dump:[<{Print}, []>
             <{Update 0; Pop 0; Unwind}, [#16]>]
      VStack:[]
       Code:{Push 1
             Pushglobal -
             MkAppl
             MkAppl
             Pushglobal downfrom
             MkAppl
             Push 1
             Pushglobal *pack2,2
             MkAppl
             MkAppl
             Eval
             Update 1
             Pop 1
             Unwind}
      
      
  19) Output:""
       Stack:[#35: Appl #12 #34
              #34: 4
              #36: 1
              #34: 4]
       Dump:[<{Print}, []>
             <{Update 0; Pop 0; Unwind}, [#16]>]
      VStack:[]
       Code:{Pushglobal -
             MkAppl
             MkAppl
             Pushglobal downfrom
             MkAppl
             Push 1
             Pushglobal *pack2,2
             MkAppl
             MkAppl
             Eval
             Update 1
             Pop 1
             Unwind}
      
      
  20) Output:""
       Stack:[#35: Appl #12 #34
              #34: 4
              #36: 1
              #34: 4
              #18: Global -]
       Dump:[<{Print}, []>
             <{Update 0; Pop 0; Unwind}, [#16]>]
      VStack:[]
       Code:{MkAppl
             MkAppl
             Pushglobal downfrom
             MkAppl
             Push 1
             Pushglobal *pack2,2
             MkAppl
             MkAppl
             Eval
             Update 1
             Pop 1
             Unwind}
      
      
  21) Output:""
       Stack:[#35: Appl #12 #34
              #34: 4
              #36: 1
              #37: Appl #18 #34]
       Dump:[<{Print}, []>
             <{Update 0; Pop 0; Unwind}, [#16]>]
      VStack:[]
       Code:{MkAppl
             Pushglobal downfrom
             MkAppl
             Push 1
             Pushglobal *pack2,2
             MkAppl
             MkAppl
             Eval
             Update 1
             Pop 1
             Unwind}
      
      
  22) Output:""
       Stack:[#35: Appl #12 #34
              #34: 4
              #38: Appl #37 #36]
       Dump:[<{Print}, []>
             <{Update 0; Pop 0; Unwind}, [#16]>]
      VStack:[]
       Code:{Pushglobal downfrom
             MkAppl
             Push 1
             Pushglobal *pack2,2
             MkAppl
             MkAppl
             Eval
             Update 1
             Pop 1
             Unwind}
      
      
  23) Output:""
       Stack:[#35: Appl #12 #34
              #34: 4
              #38: Appl #37 #36
              #12: Global downfrom]
       Dump:[<{Print}, []>
             <{Update 0; Pop 0; Unwind}, [#16]>]
      VStack:[]
       Code:{MkAppl
             Push 1
             Pushglobal *pack2,2
             MkAppl
             MkAppl
             Eval
             Update 1
             Pop 1
             Unwind}
      
      
  24) Output:""
       Stack:[#35: Appl #12 #34
              #34: 4
              #39: Appl #12 #38]
       Dump:[<{Print}, []>
             <{Update 0; Pop 0; Unwind}, [#16]>]
      VStack:[]
       Code:{Push 1
             Pushglobal *pack2,2
             MkAppl
             MkAppl
             Eval
             Update 1
             Pop 1
             Unwind}
      
      
  25) Output:""
       Stack:[#35: Appl #12 #34
              #34: 4
              #39: Appl #12 #38
              #34: 4]
       Dump:[<{Print}, []>
             <{Update 0; Pop 0; Unwind}, [#16]>]
      VStack:[]
       Code:{Pushglobal *pack2,2
             MkAppl
             MkAppl
             Eval
             Update 1
             Pop 1
             Unwind}
      
      
  26) Output:""
       Stack:[#35: Appl #12 #34
              #34: 4
              #39: Appl #12 #38
              #34: 4
              #6: Global *pack2,2]
       Dump:[<{Print}, []>
             <{Update 0; Pop 0; Unwind}, [#16]>]
      VStack:[]
       Code:{MkAppl
             MkAppl
             Eval
             Update 1
             Pop 1
             Unwind}
      
      
  27) Output:""
       Stack:[#35: Appl #12 #34
              #34: 4
              #39: Appl #12 #38
              #40: Appl #6 #34]
       Dump:[<{Print}, []>
             <{Update 0; Pop 0; Unwind}, [#16]>]
      VStack:[]
       Code:{MkAppl
             Eval
             Update 1
             Pop 1
             Unwind}
      
      
  28) Output:""
       Stack:[#35: Appl #12 #34
              #34: 4
              #41: Appl #40 #39]
       Dump:[<{Print}, []>
             <{Update 0; Pop 0; Unwind}, [#16]>]
      VStack:[]
       Code:{Eval
             Update 1
             Pop 1
             Unwind}
      
      
  29) Output:""
       Stack:[#41: Appl #40 #39]
       Dump:[<{Print}, []>
             <{Update 0; Pop 0; Unwind}, [#16]>
             <{Update 1; Pop 1; Unwind}, [#34, #35]>]
      VStack:[]
       Code:{Unwind}
      
      
  30) Output:""
       Stack:[#41: Appl #40 #39
              #40: Appl #6 #34]
       Dump:[<{Print}, []>
             <{Update 0; Pop 0; Unwind}, [#16]>
             <{Update 1; Pop 1; Unwind}, [#34, #35]>]
      VStack:[]
       Code:{Unwind}
      
      
  31) Output:""
       Stack:[#41: Appl #40 #39
              #40: Appl #6 #34
              #6: Global *pack2,2]
       Dump:[<{Print}, []>
             <{Update 0; Pop 0; Unwind}, [#16]>
             <{Update 1; Pop 1; Unwind}, [#34, #35]>]
      VStack:[]
       Code:{Unwind}
      
      
  32) Output:""
       Stack:[#41: Appl #40 #39
              #40: Appl #6 #34
              #6: Global *pack2,2]
       Dump:[<{Print}, []>
             <{Update 0; Pop 0; Unwind}, [#16]>
             <{Update 1; Pop 1; Unwind}, [#34, #35]>]
      VStack:[]
       Code:{Pushglobal Pack{2,2}
             Eval
             Update 0
             Pop 0
             Unwind}
      
      
  33) Output:""
       Stack:[#41: Appl #40 #39
              #40: Appl #6 #34
              #6: Global *pack2,2
              #42: Global Pack{2,2}]
       Dump:[<{Print}, []>
             <{Update 0; Pop 0; Unwind}, [#16]>
             <{Update 1; Pop 1; Unwind}, [#34, #35]>]
      VStack:[]
       Code:{Eval
             Update 0
             Pop 0
             Unwind}
      
      
  34) Output:""
       Stack:[#42: Global Pack{2,2}]
       Dump:[<{Print}, []>
             <{Update 0; Pop 0; Unwind}, [#16]>
             <{Update 1; Pop 1; Unwind}, [#34, #35]>
             <{Update 0; Pop 0; Unwind}, [#6, #40, #41]>]
      VStack:[]
       Code:{Unwind}
      
      
  35) Output:""
       Stack:[#41: Appl #40 #39
              #40: Appl #6 #34
              #6: Global *pack2,2
              #42: Global Pack{2,2}]
       Dump:[<{Print}, []>
             <{Update 0; Pop 0; Unwind}, [#16]>
             <{Update 1; Pop 1; Unwind}, [#34, #35]>]
      VStack:[]
       Code:{Update 0
             Pop 0
             Unwind}
      
      
  36) Output:""
       Stack:[#41: Appl #40 #39
              #40: Appl #6 #34
              #6: Ind #42]
       Dump:[<{Print}, []>
             <{Update 0; Pop 0; Unwind}, [#16]>
             <{Update 1; Pop 1; Unwind}, [#34, #35]>]
      VStack:[]
       Code:{Pop 0
             Unwind}
      
      
  37) Output:""
       Stack:[#41: Appl #40 #39
              #40: Appl #6 #34
              #6: Ind #42]
       Dump:[<{Print}, []>
             <{Update 0; Pop 0; Unwind}, [#16]>
             <{Update 1; Pop 1; Unwind}, [#34, #35]>]
      VStack:[]
       Code:{Unwind}
      
      
  38) Output:""
       Stack:[#41: Appl #40 #39
              #40: Appl #6 #34
              #42: Global Pack{2,2}]
       Dump:[<{Print}, []>
             <{Update 0; Pop 0; Unwind}, [#16]>
             <{Update 1; Pop 1; Unwind}, [#34, #35]>]
      VStack:[]
       Code:{Unwind}
      
      
  39) Output:""
       Stack:[#41: Appl #40 #39
              #39: Appl #12 #38
              #34: 4]
       Dump:[<{Print}, []>
             <{Update 0; Pop 0; Unwind}, [#16]>
             <{Update 1; Pop 1; Unwind}, [#34, #35]>]
      VStack:[]
       Code:{Pack 2, 2
             Update 0
             Unwind}
      
      
  40) Output:""
       Stack:[#41: Appl #40 #39
              #43: Constr 2 [#34, #39]]
       Dump:[<{Print}, []>
             <{Update 0; Pop 0; Unwind}, [#16]>
             <{Update 1; Pop 1; Unwind}, [#34, #35]>]
      VStack:[]
       Code:{Update 0
             Unwind}
      
      
  41) Output:""
       Stack:[#41: Ind #43]
       Dump:[<{Print}, []>
             <{Update 0; Pop 0; Unwind}, [#16]>
             <{Update 1; Pop 1; Unwind}, [#34, #35]>]
      VStack:[]
       Code:{Unwind}
      
      
  42) Output:""
       Stack:[#43: Constr 2 [#34, #39]]
       Dump:[<{Print}, []>
             <{Update 0; Pop 0; Unwind}, [#16]>
             <{Update 1; Pop 1; Unwind}, [#34, #35]>]
      VStack:[]
       Code:{Unwind}
      
      
  43) Output:""
       Stack:[#35: Appl #12 #34
              #34: 4
              #43: Constr 2 [#34, #39]]
       Dump:[<{Print}, []>
             <{Update 0; Pop 0; Unwind}, [#16]>]
      VStack:[]
       Code:{Update 1
             Pop 1
             Unwind}
      
      
  44) Output:""
       Stack:[#35: Ind #43
              #34: 4]
       Dump:[<{Print}, []>
             <{Update 0; Pop 0; Unwind}, [#16]>]
      VStack:[]
       Code:{Pop 1
             Unwind}
      
      
  45) Output:""
       Stack:[#35: Ind #43]
       Dump:[<{Print}, []>
             <{Update 0; Pop 0; Unwind}, [#16]>]
      VStack:[]
       Code:{Unwind}
      
      
  46) Output:""
       Stack:[#43: Constr 2 [#34, #39]]
       Dump:[<{Print}, []>
             <{Update 0; Pop 0; Unwind}, [#16]>]
      VStack:[]
       Code:{Unwind}
      
      
  47) Output:""
       Stack:[#16: Global main
              #43: Constr 2 [#34, #39]]
       Dump:[<{Print}, []>]
      VStack:[]
       Code:{Update 0
             Pop 0
             Unwind}
      
      
  48) Output:""
       Stack:[#16: Ind #43]
       Dump:[<{Print}, []>]
      VStack:[]
       Code:{Pop 0
             Unwind}
      
      
  49) Output:""
       Stack:[#16: Ind #43]
       Dump:[<{Print}, []>]
      VStack:[]
       Code:{Unwind}
      
      
  50) Output:""
       Stack:[#43: Constr 2 [#34, #39]]
       Dump:[<{Print}, []>]
      VStack:[]
       Code:{Unwind}
      
      
  51) Output:""
       Stack:[#43: Constr 2 [#34, #39]]
       Dump:[]
      VStack:[]
       Code:{Print}
      
      
  52) Output:"[2: "
       Stack:[#39: Appl #12 #38
              #34: 4]
       Dump:[]
      VStack:[]
       Code:{Eval
             Print
             Eval
             Print
             PrintEndStruct}
      
      
  53) Output:"[2: "
       Stack:[#34: 4]
       Dump:[<{Print; Eval; Print; ...}, [#39]>]
      VStack:[]
       Code:{Unwind}
      
      
  54) Output:"[2: "
       Stack:[#39: Appl #12 #38
              #34: 4]
       Dump:[]
      VStack:[]
       Code:{Print
             Eval
             Print
             PrintEndStruct}
      
      
  55) Output:"[2: 4 "
       Stack:[#39: Appl #12 #38]
       Dump:[]
      VStack:[]
       Code:{Eval
             Print
             PrintEndStruct}
      
      
  56) Output:"[2: 4 "
       Stack:[#39: Appl #12 #38]
       Dump:[<{Print; PrintEndStruct}, []>]
      VStack:[]
       Code:{Unwind}
      
      
  57) Output:"[2: 4 "
       Stack:[#39: Appl #12 #38
              #12: Global downfrom]
       Dump:[<{Print; PrintEndStruct}, []>]
      VStack:[]
       Code:{Unwind}
      
      
  58) Output:"[2: 4 "
       Stack:[#39: Appl #12 #38
              #38: Appl #37 #36]
       Dump:[<{Print; PrintEndStruct}, []>]
      VStack:[]
       Code:{Pushbasic 0
             Push 0
             Eval
             S2V
             Eq
             (Cond
             1 -> {Pushglobal *pack1,0; Eval; Update 1; ...}
             0 -> {Pushint 1; Push 1; Pushglobal -; ...})}
      
      
  59) Output:"[2: 4 "
       Stack:[#39: Appl #12 #38
              #38: Appl #37 #36]
       Dump:[<{Print; PrintEndStruct}, []>]
      VStack:[0]
       Code:{Push 0
             Eval
             S2V
             Eq
             (Cond
             1 -> {Pushglobal *pack1,0; Eval; Update 1; ...}
             0 -> {Pushint 1; Push 1; Pushglobal -; ...})}
      
      
  60) Output:"[2: 4 "
       Stack:[#39: Appl #12 #38
              #38: Appl #37 #36
              #38: Appl #37 #36]
       Dump:[<{Print; PrintEndStruct}, []>]
      VStack:[0]
       Code:{Eval
             S2V
             Eq
             (Cond
             1 -> {Pushglobal *pack1,0; Eval; Update 1; ...}
             0 -> {Pushint 1; Push 1; Pushglobal -; ...})}
      
      
  61) Output:"[2: 4 "
       Stack:[#38: Appl #37 #36]
       Dump:[<{Print; PrintEndStruct}, []>
             <{S2V; Eq; (Cond
             1 -> {Pushglobal *pack1,0; Eval; Update 1; ...}
             0 -> {Pushint 1; Push 1; Pushglobal -; ...})}, [#38, #39]>]
      VStack:[0]
       Code:{Unwind}
      
      
  62) Output:"[2: 4 "
       Stack:[#38: Appl #37 #36
              #37: Appl #18 #34]
       Dump:[<{Print; PrintEndStruct}, []>
             <{S2V; Eq; (Cond
             1 -> {Pushglobal *pack1,0; Eval; Update 1; ...}
             0 -> {Pushint 1; Push 1; Pushglobal -; ...})}, [#38, #39]>]
      VStack:[0]
       Code:{Unwind}
      
      
  63) Output:"[2: 4 "
       Stack:[#38: Appl #37 #36
              #37: Appl #18 #34
              #18: Global -]
       Dump:[<{Print; PrintEndStruct}, []>
             <{S2V; Eq; (Cond
             1 -> {Pushglobal *pack1,0; Eval; Update 1; ...}
             0 -> {Pushint 1; Push 1; Pushglobal -; ...})}, [#38, #39]>]
      VStack:[0]
       Code:{Unwind}
      
      
  64) Output:"[2: 4 "
       Stack:[#38: Appl #37 #36
              #36: 1
              #34: 4]
       Dump:[<{Print; PrintEndStruct}, []>
             <{S2V; Eq; (Cond
             1 -> {Pushglobal *pack1,0; Eval; Update 1; ...}
             0 -> {Pushint 1; Push 1; Pushglobal -; ...})}, [#38, #39]>]
      VStack:[0]
       Code:{Push 1
             Eval
             S2V
             Push 0
             Eval
             S2V
             Sub
             Mkint
             Update 2
             Pop 2
             Unwind}
      
      
  65) Output:"[2: 4 "
       Stack:[#38: Appl #37 #36
              #36: 1
              #34: 4
              #36: 1]
       Dump:[<{Print; PrintEndStruct}, []>
             <{S2V; Eq; (Cond
             1 -> {Pushglobal *pack1,0; Eval; Update 1; ...}
             0 -> {Pushint 1; Push 1; Pushglobal -; ...})}, [#38, #39]>]
      VStack:[0]
       Code:{Eval
             S2V
             Push 0
             Eval
             S2V
             Sub
             Mkint
             Update 2
             Pop 2
             Unwind}
      
      
  66) Output:"[2: 4 "
       Stack:[#36: 1]
       Dump:[<{Print; PrintEndStruct}, []>
             <{S2V; Eq; (Cond
             1 -> {Pushglobal *pack1,0; Eval; Update 1; ...}
             0 -> {Pushint 1; Push 1; Pushglobal -; ...})}, [#38, #39]>
             <{S2V; Push 0; Eval; ...}, [#34, #36, #38]>]
      VStack:[0]
       Code:{Unwind}
      
      
  67) Output:"[2: 4 "
       Stack:[#38: Appl #37 #36
              #36: 1
              #34: 4
              #36: 1]
       Dump:[<{Print; PrintEndStruct}, []>
             <{S2V; Eq; (Cond
             1 -> {Pushglobal *pack1,0; Eval; Update 1; ...}
             0 -> {Pushint 1; Push 1; Pushglobal -; ...})}, [#38, #39]>]
      VStack:[0]
       Code:{S2V
             Push 0
             Eval
             S2V
             Sub
             Mkint
             Update 2
             Pop 2
             Unwind}
      
      
  68) Output:"[2: 4 "
       Stack:[#38: Appl #37 #36
              #36: 1
              #34: 4]
       Dump:[<{Print; PrintEndStruct}, []>
             <{S2V; Eq; (Cond
             1 -> {Pushglobal *pack1,0; Eval; Update 1; ...}
             0 -> {Pushint 1; Push 1; Pushglobal -; ...})}, [#38, #39]>]
      VStack:[1, 0]
       Code:{Push 0
             Eval
             S2V
             Sub
             Mkint
             Update 2
             Pop 2
             Unwind}
      
      
  69) Output:"[2: 4 "
       Stack:[#38: Appl #37 #36
              #36: 1
              #34: 4
              #34: 4]
       Dump:[<{Print; PrintEndStruct}, []>
             <{S2V; Eq; (Cond
             1 -> {Pushglobal *pack1,0; Eval; Update 1; ...}
             0 -> {Pushint 1; Push 1; Pushglobal -; ...})}, [#38, #39]>]
      VStack:[1, 0]
       Code:{Eval
             S2V
             Sub
             Mkint
             Update 2
             Pop 2
             Unwind}
      
      
  70) Output:"[2: 4 "
       Stack:[#34: 4]
       Dump:[<{Print; PrintEndStruct}, []>
             <{S2V; Eq; (Cond
             1 -> {Pushglobal *pack1,0; Eval; Update 1; ...}
             0 -> {Pushint 1; Push 1; Pushglobal -; ...})}, [#38, #39]>
             <{S2V; Sub; Mkint; ...}, [#34, #36, #38]>]
      VStack:[1, 0]
       Code:{Unwind}
      
      
  71) Output:"[2: 4 "
       Stack:[#38: Appl #37 #36
              #36: 1
              #34: 4
              #34: 4]
       Dump:[<{Print; PrintEndStruct}, []>
             <{S2V; Eq; (Cond
             1 -> {Pushglobal *pack1,0; Eval; Update 1; ...}
             0 -> {Pushint 1; Push 1; Pushglobal -; ...})}, [#38, #39]>]
      VStack:[1, 0]
       Code:{S2V
             Sub
             Mkint
             Update 2
             Pop 2
             Unwind}
      
      
  72) Output:"[2: 4 "
       Stack:[#38: Appl #37 #36
              #36: 1
              #34: 4]
       Dump:[<{Print; PrintEndStruct}, []>
             <{S2V; Eq; (Cond
             1 -> {Pushglobal *pack1,0; Eval; Update 1; ...}
             0 -> {Pushint 1; Push 1; Pushglobal -; ...})}, [#38, #39]>]
      VStack:[4, 1, 0]
       Code:{Sub
             Mkint
             Update 2
             Pop 2
             Unwind}
      
      
  73) Output:"[2: 4 "
       Stack:[#38: Appl #37 #36
              #36: 1
              #34: 4]
       Dump:[<{Print; PrintEndStruct}, []>
             <{S2V; Eq; (Cond
             1 -> {Pushglobal *pack1,0; Eval; Update 1; ...}
             0 -> {Pushint 1; Push 1; Pushglobal -; ...})}, [#38, #39]>]
      VStack:[3, 0]
       Code:{Mkint
             Update 2
             Pop 2
             Unwind}
      
      
  74) Output:"[2: 4 "
       Stack:[#38: Appl #37 #36
              #36: 1
              #34: 4
              #44: 3]
       Dump:[<{Print; PrintEndStruct}, []>
             <{S2V; Eq; (Cond
             1 -> {Pushglobal *pack1,0; Eval; Update 1; ...}
             0 -> {Pushint 1; Push 1; Pushglobal -; ...})}, [#38, #39]>]
      VStack:[0]
       Code:{Update 2
             Pop 2
             Unwind}
      
      
  75) Output:"[2: 4 "
       Stack:[#38: Ind #44
              #36: 1
              #34: 4]
       Dump:[<{Print; PrintEndStruct}, []>
             <{S2V; Eq; (Cond
             1 -> {Pushglobal *pack1,0; Eval; Update 1; ...}
             0 -> {Pushint 1; Push 1; Pushglobal -; ...})}, [#38, #39]>]
      VStack:[0]
       Code:{Pop 2
             Unwind}
      
      
  76) Output:"[2: 4 "
       Stack:[#38: Ind #44]
       Dump:[<{Print; PrintEndStruct}, []>
             <{S2V; Eq; (Cond
             1 -> {Pushglobal *pack1,0; Eval; Update 1; ...}
             0 -> {Pushint 1; Push 1; Pushglobal -; ...})}, [#38, #39]>]
      VStack:[0]
       Code:{Unwind}
      
      
  77) Output:"[2: 4 "
       Stack:[#44: 3]
       Dump:[<{Print; PrintEndStruct}, []>
             <{S2V; Eq; (Cond
             1 -> {Pushglobal *pack1,0; Eval; Update 1; ...}
             0 -> {Pushint 1; Push 1; Pushglobal -; ...})}, [#38, #39]>]
      VStack:[0]
       Code:{Unwind}
      
      
  78) Output:"[2: 4 "
       Stack:[#39: Appl #12 #38
              #38: Ind #44
              #44: 3]
       Dump:[<{Print; PrintEndStruct}, []>]
      VStack:[0]
       Code:{S2V
             Eq
             (Cond
             1 -> {Pushglobal *pack1,0; Eval; Update 1; ...}
             0 -> {Pushint 1; Push 1; Pushglobal -; ...})}
      
      
  79) Output:"[2: 4 "
       Stack:[#39: Appl #12 #38
              #38: Ind #44]
       Dump:[<{Print; PrintEndStruct}, []>]
      VStack:[3, 0]
       Code:{Eq
             (Cond
             1 -> {Pushglobal *pack1,0; Eval; Update 1; ...}
             0 -> {Pushint 1; Push 1; Pushglobal -; ...})}
      
      
  80) Output:"[2: 4 "
       Stack:[#39: Appl #12 #38
              #38: Ind #44]
       Dump:[<{Print; PrintEndStruct}, []>]
      VStack:[1]
       Code:{(Cond
             1 -> {Pushglobal *pack1,0; Eval; Update 1; ...}
             0 -> {Pushint 1; Push 1; Pushglobal -; ...})}
      
      
  81) Output:"[2: 4 "
       Stack:[#39: Appl #12 #38
              #38: Ind #44]
       Dump:[<{Print; PrintEndStruct}, []>]
      VStack:[]
       Code:{Pushint 1
             Push 1
             Pushglobal -
             MkAppl
             MkAppl
             Pushglobal downfrom
             MkAppl
             Push 1
             Pushglobal *pack2,2
             MkAppl
             MkAppl
             Eval
             Update 1
             Pop 1
             Unwind}
      
      
  82) Output:"[2: 4 "
       Stack:[#39: Appl #12 #38
              #38: Ind #44
              #36: 1]
       Dump:[<{Print; PrintEndStruct}, []>]
      VStack:[]
       Code:{Push 1
             Pushglobal -
             MkAppl
             MkAppl
             Pushglobal downfrom
             MkAppl
             Push 1
             Pushglobal *pack2,2
             MkAppl
             MkAppl
             Eval
             Update 1
             Pop 1
             Unwind}
      
      
  83) Output:"[2: 4 "
       Stack:[#39: Appl #12 #38
              #38: Ind #44
              #36: 1
              #38: Ind #44]
       Dump:[<{Print; PrintEndStruct}, []>]
      VStack:[]
       Code:{Pushglobal -
             MkAppl
             MkAppl
             Pushglobal downfrom
             MkAppl
             Push 1
             Pushglobal *pack2,2
             MkAppl
             MkAppl
             Eval
             Update 1
             Pop 1
             Unwind}
      
      
  84) Output:"[2: 4 "
       Stack:[#39: Appl #12 #38
              #38: Ind #44
              #36: 1
              #38: Ind #44
              #18: Global -]
       Dump:[<{Print; PrintEndStruct}, []>]
      VStack:[]
       Code:{MkAppl
             MkAppl
             Pushglobal downfrom
             MkAppl
             Push 1
             Pushglobal *pack2,2
             MkAppl
             MkAppl
             Eval
             Update 1
             Pop 1
             Unwind}
      
      
  85) Output:"[2: 4 "
       Stack:[#39: Appl #12 #38
              #38: Ind #44
              #36: 1
              #45: Appl #18 #38]
       Dump:[<{Print; PrintEndStruct}, []>]
      VStack:[]
       Code:{MkAppl
             Pushglobal downfrom
             MkAppl
             Push 1
             Pushglobal *pack2,2
             MkAppl
             MkAppl
             Eval
             Update 1
             Pop 1
             Unwind}
      
      
  86) Output:"[2: 4 "
       Stack:[#39: Appl #12 #38
              #38: Ind #44
              #46: Appl #45 #36]
       Dump:[<{Print; PrintEndStruct}, []>]
      VStack:[]
       Code:{Pushglobal downfrom
             MkAppl
             Push 1
             Pushglobal *pack2,2
             MkAppl
             MkAppl
             Eval
             Update 1
             Pop 1
             Unwind}
      
      
  87) Output:"[2: 4 "
       Stack:[#39: Appl #12 #38
              #38: Ind #44
              #46: Appl #45 #36
              #12: Global downfrom]
       Dump:[<{Print; PrintEndStruct}, []>]
      VStack:[]
       Code:{MkAppl
             Push 1
             Pushglobal *pack2,2
             MkAppl
             MkAppl
             Eval
             Update 1
             Pop 1
             Unwind}
      
      
  88) Output:"[2: 4 "
       Stack:[#39: Appl #12 #38
              #38: Ind #44
              #47: Appl #12 #46]
       Dump:[<{Print; PrintEndStruct}, []>]
      VStack:[]
       Code:{Push 1
             Pushglobal *pack2,2
             MkAppl
             MkAppl
             Eval
             Update 1
             Pop 1
             Unwind}
      
      
  89) Output:"[2: 4 "
       Stack:[#39: Appl #12 #38
              #38: Ind #44
              #47: Appl #12 #46
              #38: Ind #44]
       Dump:[<{Print; PrintEndStruct}, []>]
      VStack:[]
       Code:{Pushglobal *pack2,2
             MkAppl
             MkAppl
             Eval
             Update 1
             Pop 1
             Unwind}
      
      
  90) Output:"[2: 4 "
       Stack:[#39: Appl #12 #38
              #38: Ind #44
              #47: Appl #12 #46
              #38: Ind #44
              #6: Ind #42]
       Dump:[<{Print; PrintEndStruct}, []>]
      VStack:[]
       Code:{MkAppl
             MkAppl
             Eval
             Update 1
             Pop 1
             Unwind}
      
      
  91) Output:"[2: 4 "
       Stack:[#39: Appl #12 #38
              #38: Ind #44
              #47: Appl #12 #46
              #48: Appl #6 #38]
       Dump:[<{Print; PrintEndStruct}, []>]
      VStack:[]
       Code:{MkAppl
             Eval
             Update 1
             Pop 1
             Unwind}
      
      
  92) Output:"[2: 4 "
       Stack:[#39: Appl #12 #38
              #38: Ind #44
              #49: Appl #48 #47]
       Dump:[<{Print; PrintEndStruct}, []>]
      VStack:[]
       Code:{Eval
             Update 1
             Pop 1
             Unwind}
      
      
  93) Output:"[2: 4 "
       Stack:[#49: Appl #48 #47]
       Dump:[<{Print; PrintEndStruct}, []>
             <{Update 1; Pop 1; Unwind}, [#38, #39]>]
      VStack:[]
       Code:{Unwind}
      
      
  94) Output:"[2: 4 "
       Stack:[#49: Appl #48 #47
              #48: Appl #6 #38]
       Dump:[<{Print; PrintEndStruct}, []>
             <{Update 1; Pop 1; Unwind}, [#38, #39]>]
      VStack:[]
       Code:{Unwind}
      
      
  95) Output:"[2: 4 "
       Stack:[#49: Appl #48 #47
              #48: Appl #6 #38
              #6: Ind #42]
       Dump:[<{Print; PrintEndStruct}, []>
             <{Update 1; Pop 1; Unwind}, [#38, #39]>]
      VStack:[]
       Code:{Unwind}
      
      
  96) Output:"[2: 4 "
       Stack:[#49: Appl #48 #47
              #48: Appl #6 #38
              #42: Global Pack{2,2}]
       Dump:[<{Print; PrintEndStruct}, []>
             <{Update 1; Pop 1; Unwind}, [#38, #39]>]
      VStack:[]
       Code:{Unwind}
      
      
  97) Output:"[2: 4 "
       Stack:[#49: Appl #48 #47
              #47: Appl #12 #46
              #38: Ind #44]
       Dump:[<{Print; PrintEndStruct}, []>
             <{Update 1; Pop 1; Unwind}, [#38, #39]>]
      VStack:[]
       Code:{Pack 2, 2
             Update 0
             Unwind}
      
      
  98) Output:"[2: 4 "
       Stack:[#49: Appl #48 #47
              #50: Constr 2 [#38, #47]]
       Dump:[<{Print; PrintEndStruct}, []>
             <{Update 1; Pop 1; Unwind}, [#38, #39]>]
      VStack:[]
       Code:{Update 0
             Unwind}
      
      
  99) Output:"[2: 4 "
       Stack:[#49: Ind #50]
       Dump:[<{Print; PrintEndStruct}, []>
             <{Update 1; Pop 1; Unwind}, [#38, #39]>]
      VStack:[]
       Code:{Unwind}
      
      
 100) Output:"[2: 4 "
       Stack:[#50: Constr 2 [#38, #47]]
       Dump:[<{Print; PrintEndStruct}, []>
             <{Update 1; Pop 1; Unwind}, [#38, #39]>]
      VStack:[]
       Code:{Unwind}
      
      
 101) Output:"[2: 4 "
       Stack:[#39: Appl #12 #38
              #38: Ind #44
              #50: Constr 2 [#38, #47]]
       Dump:[<{Print; PrintEndStruct}, []>]
      VStack:[]
       Code:{Update 1
             Pop 1
             Unwind}
      
      
 102) Output:"[2: 4 "
       Stack:[#39: Ind #50
              #38: Ind #44]
       Dump:[<{Print; PrintEndStruct}, []>]
      VStack:[]
       Code:{Pop 1
             Unwind}
      
      
 103) Output:"[2: 4 "
       Stack:[#39: Ind #50]
       Dump:[<{Print; PrintEndStruct}, []>]
      VStack:[]
       Code:{Unwind}
      
      
 104) Output:"[2: 4 "
       Stack:[#50: Constr 2 [#38, #47]]
       Dump:[<{Print; PrintEndStruct}, []>]
      VStack:[]
       Code:{Unwind}
      
      
 105) Output:"[2: 4 "
       Stack:[#50: Constr 2 [#38, #47]]
       Dump:[]
      VStack:[]
       Code:{Print
             PrintEndStruct}
      
      
 106) Output:"[2: 4 [2: "
       Stack:[#47: Appl #12 #46
              #38: Ind #44]
       Dump:[]
      VStack:[]
       Code:{Eval
             Print
             Eval
             Print
             PrintEndStruct
             PrintEndStruct}
      
      
 107) Output:"[2: 4 [2: "
       Stack:[#38: Ind #44]
       Dump:[<{Print; Eval; Print; ...}, [#47]>]
      VStack:[]
       Code:{Unwind}
      
      
 108) Output:"[2: 4 [2: "
       Stack:[#44: 3]
       Dump:[<{Print; Eval; Print; ...}, [#47]>]
      VStack:[]
       Code:{Unwind}
      
      
 109) Output:"[2: 4 [2: "
       Stack:[#47: Appl #12 #46
              #44: 3]
       Dump:[]
      VStack:[]
       Code:{Print
             Eval
             Print
             PrintEndStruct
             PrintEndStruct}
      
      
 110) Output:"[2: 4 [2: 3 "
       Stack:[#47: Appl #12 #46]
       Dump:[]
      VStack:[]
       Code:{Eval
             Print
             PrintEndStruct
             PrintEndStruct}
      
      
 111) Output:"[2: 4 [2: 3 "
       Stack:[#47: Appl #12 #46]
       Dump:[<{Print; PrintEndStruct; PrintEndStruct}, []>]
      VStack:[]
       Code:{Unwind}
      
      
 112) Output:"[2: 4 [2: 3 "
       Stack:[#47: Appl #12 #46
              #12: Global downfrom]
       Dump:[<{Print; PrintEndStruct; PrintEndStruct}, []>]
      VStack:[]
       Code:{Unwind}
      
      
 113) Output:"[2: 4 [2: 3 "
       Stack:[#47: Appl #12 #46
              #46: Appl #45 #36]
       Dump:[<{Print; PrintEndStruct; PrintEndStruct}, []>]
      VStack:[]
       Code:{Pushbasic 0
             Push 0
             Eval
             S2V
             Eq
             (Cond
             1 -> {Pushglobal *pack1,0; Eval; Update 1; ...}
             0 -> {Pushint 1; Push 1; Pushglobal -; ...})}
      
      
 114) Output:"[2: 4 [2: 3 "
       Stack:[#47: Appl #12 #46
              #46: Appl #45 #36]
       Dump:[<{Print; PrintEndStruct; PrintEndStruct}, []>]
      VStack:[0]
       Code:{Push 0
             Eval
             S2V
             Eq
             (Cond
             1 -> {Pushglobal *pack1,0; Eval; Update 1; ...}
             0 -> {Pushint 1; Push 1; Pushglobal -; ...})}
      
      
 115) Output:"[2: 4 [2: 3 "
       Stack:[#47: Appl #12 #46
              #46: Appl #45 #36
              #46: Appl #45 #36]
       Dump:[<{Print; PrintEndStruct; PrintEndStruct}, []>]
      VStack:[0]
       Code:{Eval
             S2V
             Eq
             (Cond
             1 -> {Pushglobal *pack1,0; Eval; Update 1; ...}
             0 -> {Pushint 1; Push 1; Pushglobal -; ...})}
      
      
 116) Output:"[2: 4 [2: 3 "
       Stack:[#46: Appl #45 #36]
       Dump:[<{Print; PrintEndStruct; PrintEndStruct}, []>
             <{S2V; Eq; (Cond
             1 -> {Pushglobal *pack1,0; Eval; Update 1; ...}
             0 -> {Pushint 1; Push 1; Pushglobal -; ...})}, [#46, #47]>]
      VStack:[0]
       Code:{Unwind}
      
      
 117) Output:"[2: 4 [2: 3 "
       Stack:[#46: Appl #45 #36
              #45: Appl #18 #38]
       Dump:[<{Print; PrintEndStruct; PrintEndStruct}, []>
             <{S2V; Eq; (Cond
             1 -> {Pushglobal *pack1,0; Eval; Update 1; ...}
             0 -> {Pushint 1; Push 1; Pushglobal -; ...})}, [#46, #47]>]
      VStack:[0]
       Code:{Unwind}
      
      
 118) Output:"[2: 4 [2: 3 "
       Stack:[#46: Appl #45 #36
              #45: Appl #18 #38
              #18: Global -]
       Dump:[<{Print; PrintEndStruct; PrintEndStruct}, []>
             <{S2V; Eq; (Cond
             1 -> {Pushglobal *pack1,0; Eval; Update 1; ...}
             0 -> {Pushint 1; Push 1; Pushglobal -; ...})}, [#46, #47]>]
      VStack:[0]
       Code:{Unwind}
      
      
 119) Output:"[2: 4 [2: 3 "
       Stack:[#46: Appl #45 #36
              #36: 1
              #38: Ind #44]
       Dump:[<{Print; PrintEndStruct; PrintEndStruct}, []>
             <{S2V; Eq; (Cond
             1 -> {Pushglobal *pack1,0; Eval; Update 1; ...}
             0 -> {Pushint 1; Push 1; Pushglobal -; ...})}, [#46, #47]>]
      VStack:[0]
       Code:{Push 1
             Eval
             S2V
             Push 0
             Eval
             S2V
             Sub
             Mkint
             Update 2
             Pop 2
             Unwind}
      
      
 120) Output:"[2: 4 [2: 3 "
       Stack:[#46: Appl #45 #36
              #36: 1
              #38: Ind #44
              #36: 1]
       Dump:[<{Print; PrintEndStruct; PrintEndStruct}, []>
             <{S2V; Eq; (Cond
             1 -> {Pushglobal *pack1,0; Eval; Update 1; ...}
             0 -> {Pushint 1; Push 1; Pushglobal -; ...})}, [#46, #47]>]
      VStack:[0]
       Code:{Eval
             S2V
             Push 0
             Eval
             S2V
             Sub
             Mkint
             Update 2
             Pop 2
             Unwind}
      
      
 121) Output:"[2: 4 [2: 3 "
       Stack:[#36: 1]
       Dump:[<{Print; PrintEndStruct; PrintEndStruct}, []>
             <{S2V; Eq; (Cond
             1 -> {Pushglobal *pack1,0; Eval; Update 1; ...}
             0 -> {Pushint 1; Push 1; Pushglobal -; ...})}, [#46, #47]>
             <{S2V; Push 0; Eval; ...}, [#38, #36, #46]>]
      VStack:[0]
       Code:{Unwind}
      
      
 122) Output:"[2: 4 [2: 3 "
       Stack:[#46: Appl #45 #36
              #36: 1
              #38: Ind #44
              #36: 1]
       Dump:[<{Print; PrintEndStruct; PrintEndStruct}, []>
             <{S2V; Eq; (Cond
             1 -> {Pushglobal *pack1,0; Eval; Update 1; ...}
             0 -> {Pushint 1; Push 1; Pushglobal -; ...})}, [#46, #47]>]
      VStack:[0]
       Code:{S2V
             Push 0
             Eval
             S2V
             Sub
             Mkint
             Update 2
             Pop 2
             Unwind}
      
      
 123) Output:"[2: 4 [2: 3 "
       Stack:[#46: Appl #45 #36
              #36: 1
              #38: Ind #44]
       Dump:[<{Print; PrintEndStruct; PrintEndStruct}, []>
             <{S2V; Eq; (Cond
             1 -> {Pushglobal *pack1,0; Eval; Update 1; ...}
             0 -> {Pushint 1; Push 1; Pushglobal -; ...})}, [#46, #47]>]
      VStack:[1, 0]
       Code:{Push 0
             Eval
             S2V
             Sub
             Mkint
             Update 2
             Pop 2
             Unwind}
      
      
 124) Output:"[2: 4 [2: 3 "
       Stack:[#46: Appl #45 #36
              #36: 1
              #38: Ind #44
              #38: Ind #44]
       Dump:[<{Print; PrintEndStruct; PrintEndStruct}, []>
             <{S2V; Eq; (Cond
             1 -> {Pushglobal *pack1,0; Eval; Update 1; ...}
             0 -> {Pushint 1; Push 1; Pushglobal -; ...})}, [#46, #47]>]
      VStack:[1, 0]
       Code:{Eval
             S2V
             Sub
             Mkint
             Update 2
             Pop 2
             Unwind}
      
      
 125) Output:"[2: 4 [2: 3 "
       Stack:[#38: Ind #44]
       Dump:[<{Print; PrintEndStruct; PrintEndStruct}, []>
             <{S2V; Eq; (Cond
             1 -> {Pushglobal *pack1,0; Eval; Update 1; ...}
             0 -> {Pushint 1; Push 1; Pushglobal -; ...})}, [#46, #47]>
             <{S2V; Sub; Mkint; ...}, [#38, #36, #46]>]
      VStack:[1, 0]
       Code:{Unwind}
      
      
 126) Output:"[2: 4 [2: 3 "
       Stack:[#44: 3]
       Dump:[<{Print; PrintEndStruct; PrintEndStruct}, []>
             <{S2V; Eq; (Cond
             1 -> {Pushglobal *pack1,0; Eval; Update 1; ...}
             0 -> {Pushint 1; Push 1; Pushglobal -; ...})}, [#46, #47]>
             <{S2V; Sub; Mkint; ...}, [#38, #36, #46]>]
      VStack:[1, 0]
       Code:{Unwind}
      
      
 127) Output:"[2: 4 [2: 3 "
       Stack:[#46: Appl #45 #36
              #36: 1
              #38: Ind #44
              #44: 3]
       Dump:[<{Print; PrintEndStruct; PrintEndStruct}, []>
             <{S2V; Eq; (Cond
             1 -> {Pushglobal *pack1,0; Eval; Update 1; ...}
             0 -> {Pushint 1; Push 1; Pushglobal -; ...})}, [#46, #47]>]
      VStack:[1, 0]
       Code:{S2V
             Sub
             Mkint
             Update 2
             Pop 2
             Unwind}
      
      
 128) Output:"[2: 4 [2: 3 "
       Stack:[#46: Appl #45 #36
              #36: 1
              #38: Ind #44]
       Dump:[<{Print; PrintEndStruct; PrintEndStruct}, []>
             <{S2V; Eq; (Cond
             1 -> {Pushglobal *pack1,0; Eval; Update 1; ...}
             0 -> {Pushint 1; Push 1; Pushglobal -; ...})}, [#46, #47]>]
      VStack:[3, 1, 0]
       Code:{Sub
             Mkint
             Update 2
             Pop 2
             Unwind}
      
      
 129) Output:"[2: 4 [2: 3 "
       Stack:[#46: Appl #45 #36
              #36: 1
              #38: Ind #44]
       Dump:[<{Print; PrintEndStruct; PrintEndStruct}, []>
             <{S2V; Eq; (Cond
             1 -> {Pushglobal *pack1,0; Eval; Update 1; ...}
             0 -> {Pushint 1; Push 1; Pushglobal -; ...})}, [#46, #47]>]
      VStack:[2, 0]
       Code:{Mkint
             Update 2
             Pop 2
             Unwind}
      
      
 130) Output:"[2: 4 [2: 3 "
       Stack:[#46: Appl #45 #36
              #36: 1
              #38: Ind #44
              #51: 2]
       Dump:[<{Print; PrintEndStruct; PrintEndStruct}, []>
             <{S2V; Eq; (Cond
             1 -> {Pushglobal *pack1,0; Eval; Update 1; ...}
             0 -> {Pushint 1; Push 1; Pushglobal -; ...})}, [#46, #47]>]
      VStack:[0]
       Code:{Update 2
             Pop 2
             Unwind}
      
      
 131) Output:"[2: 4 [2: 3 "
       Stack:[#46: Ind #51
              #36: 1
              #38: Ind #44]
       Dump:[<{Print; PrintEndStruct; PrintEndStruct}, []>
             <{S2V; Eq; (Cond
             1 -> {Pushglobal *pack1,0; Eval; Update 1; ...}
             0 -> {Pushint 1; Push 1; Pushglobal -; ...})}, [#46, #47]>]
      VStack:[0]
       Code:{Pop 2
             Unwind}
      
      
 132) Output:"[2: 4 [2: 3 "
       Stack:[#46: Ind #51]
       Dump:[<{Print; PrintEndStruct; PrintEndStruct}, []>
             <{S2V; Eq; (Cond
             1 -> {Pushglobal *pack1,0; Eval; Update 1; ...}
             0 -> {Pushint 1; Push 1; Pushglobal -; ...})}, [#46, #47]>]
      VStack:[0]
       Code:{Unwind}
      
      
 133) Output:"[2: 4 [2: 3 "
       Stack:[#51: 2]
       Dump:[<{Print; PrintEndStruct; PrintEndStruct}, []>
             <{S2V; Eq; (Cond
             1 -> {Pushglobal *pack1,0; Eval; Update 1; ...}
             0 -> {Pushint 1; Push 1; Pushglobal -; ...})}, [#46, #47]>]
      VStack:[0]
       Code:{Unwind}
      
      
 134) Output:"[2: 4 [2: 3 "
       Stack:[#47: Appl #12 #46
              #46: Ind #51
              #51: 2]
       Dump:[<{Print; PrintEndStruct; PrintEndStruct}, []>]
      VStack:[0]
       Code:{S2V
             Eq
             (Cond
             1 -> {Pushglobal *pack1,0; Eval; Update 1; ...}
             0 -> {Pushint 1; Push 1; Pushglobal -; ...})}
      
      
 135) Output:"[2: 4 [2: 3 "
       Stack:[#47: Appl #12 #46
              #46: Ind #51]
       Dump:[<{Print; PrintEndStruct; PrintEndStruct}, []>]
      VStack:[2, 0]
       Code:{Eq
             (Cond
             1 -> {Pushglobal *pack1,0; Eval; Update 1; ...}
             0 -> {Pushint 1; Push 1; Pushglobal -; ...})}
      
      
 136) Output:"[2: 4 [2: 3 "
       Stack:[#47: Appl #12 #46
              #46: Ind #51]
       Dump:[<{Print; PrintEndStruct; PrintEndStruct}, []>]
      VStack:[1]
       Code:{(Cond
             1 -> {Pushglobal *pack1,0; Eval; Update 1; ...}
             0 -> {Pushint 1; Push 1; Pushglobal -; ...})}
      
      
 137) Output:"[2: 4 [2: 3 "
       Stack:[#47: Appl #12 #46
              #46: Ind #51]
       Dump:[<{Print; PrintEndStruct; PrintEndStruct}, []>]
      VStack:[]
       Code:{Pushint 1
             Push 1
             Pushglobal -
             MkAppl
             MkAppl
             Pushglobal downfrom
             MkAppl
             Push 1
             Pushglobal *pack2,2
             MkAppl
             MkAppl
             Eval
             Update 1
             Pop 1
             Unwind}
      
      
 138) Output:"[2: 4 [2: 3 "
       Stack:[#47: Appl #12 #46
              #46: Ind #51
              #36: 1]
       Dump:[<{Print; PrintEndStruct; PrintEndStruct}, []>]
      VStack:[]
       Code:{Push 1
             Pushglobal -
             MkAppl
             MkAppl
             Pushglobal downfrom
             MkAppl
             Push 1
             Pushglobal *pack2,2
             MkAppl
             MkAppl
             Eval
             Update 1
             Pop 1
             Unwind}
      
      
 139) Output:"[2: 4 [2: 3 "
       Stack:[#47: Appl #12 #46
              #46: Ind #51
              #36: 1
              #46: Ind #51]
       Dump:[<{Print; PrintEndStruct; PrintEndStruct}, []>]
      VStack:[]
       Code:{Pushglobal -
             MkAppl
             MkAppl
             Pushglobal downfrom
             MkAppl
             Push 1
             Pushglobal *pack2,2
             MkAppl
             MkAppl
             Eval
             Update 1
             Pop 1
             Unwind}
      
      
 140) Output:"[2: 4 [2: 3 "
       Stack:[#47: Appl #12 #46
              #46: Ind #51
              #36: 1
              #46: Ind #51
              #18: Global -]
       Dump:[<{Print; PrintEndStruct; PrintEndStruct}, []>]
      VStack:[]
       Code:{MkAppl
             MkAppl
             Pushglobal downfrom
             MkAppl
             Push 1
             Pushglobal *pack2,2
             MkAppl
             MkAppl
             Eval
             Update 1
             Pop 1
             Unwind}
      
      
 141) Output:"[2: 4 [2: 3 "
       Stack:[#47: Appl #12 #46
              #46: Ind #51
              #36: 1
              #52: Appl #18 #46]
       Dump:[<{Print; PrintEndStruct; PrintEndStruct}, []>]
      VStack:[]
       Code:{MkAppl
             Pushglobal downfrom
             MkAppl
             Push 1
             Pushglobal *pack2,2
             MkAppl
             MkAppl
             Eval
             Update 1
             Pop 1
             Unwind}
      
      
 142) Output:"[2: 4 [2: 3 "
       Stack:[#47: Appl #12 #46
              #46: Ind #51
              #53: Appl #52 #36]
       Dump:[<{Print; PrintEndStruct; PrintEndStruct}, []>]
      VStack:[]
       Code:{Pushglobal downfrom
             MkAppl
             Push 1
             Pushglobal *pack2,2
             MkAppl
             MkAppl
             Eval
             Update 1
             Pop 1
             Unwind}
      
      
 143) Output:"[2: 4 [2: 3 "
       Stack:[#47: Appl #12 #46
              #46: Ind #51
              #53: Appl #52 #36
              #12: Global downfrom]
       Dump:[<{Print; PrintEndStruct; PrintEndStruct}, []>]
      VStack:[]
       Code:{MkAppl
             Push 1
             Pushglobal *pack2,2
             MkAppl
             MkAppl
             Eval
             Update 1
             Pop 1
             Unwind}
      
      
 144) Output:"[2: 4 [2: 3 "
       Stack:[#47: Appl #12 #46
              #46: Ind #51
              #54: Appl #12 #53]
       Dump:[<{Print; PrintEndStruct; PrintEndStruct}, []>]
      VStack:[]
       Code:{Push 1
             Pushglobal *pack2,2
             MkAppl
             MkAppl
             Eval
             Update 1
             Pop 1
             Unwind}
      
      
 145) Output:"[2: 4 [2: 3 "
       Stack:[#47: Appl #12 #46
              #46: Ind #51
              #54: Appl #12 #53
              #46: Ind #51]
       Dump:[<{Print; PrintEndStruct; PrintEndStruct}, []>]
      VStack:[]
       Code:{Pushglobal *pack2,2
             MkAppl
             MkAppl
             Eval
             Update 1
             Pop 1
             Unwind}
      
      
 146) Output:"[2: 4 [2: 3 "
       Stack:[#47: Appl #12 #46
              #46: Ind #51
              #54: Appl #12 #53
              #46: Ind #51
              #6: Ind #42]
       Dump:[<{Print; PrintEndStruct; PrintEndStruct}, []>]
      VStack:[]
       Code:{MkAppl
             MkAppl
             Eval
             Update 1
             Pop 1
             Unwind}
      
      
 147) Output:"[2: 4 [2: 3 "
       Stack:[#47: Appl #12 #46
              #46: Ind #51
              #54: Appl #12 #53
              #55: Appl #6 #46]
       Dump:[<{Print; PrintEndStruct; PrintEndStruct}, []>]
      VStack:[]
       Code:{MkAppl
             Eval
             Update 1
             Pop 1
             Unwind}
      
      
 148) Output:"[2: 4 [2: 3 "
       Stack:[#47: Appl #12 #46
              #46: Ind #51
              #56: Appl #55 #54]
       Dump:[<{Print; PrintEndStruct; PrintEndStruct}, []>]
      VStack:[]
       Code:{Eval
             Update 1
             Pop 1
             Unwind}
      
      
 149) Output:"[2: 4 [2: 3 "
       Stack:[#56: Appl #55 #54]
       Dump:[<{Print; PrintEndStruct; PrintEndStruct}, []>
             <{Update 1; Pop 1; Unwind}, [#46, #47]>]
      VStack:[]
       Code:{Unwind}
      
      
 150) Output:"[2: 4 [2: 3 "
       Stack:[#56: Appl #55 #54
              #55: Appl #6 #46]
       Dump:[<{Print; PrintEndStruct; PrintEndStruct}, []>
             <{Update 1; Pop 1; Unwind}, [#46, #47]>]
      VStack:[]
       Code:{Unwind}
      
      
 151) Output:"[2: 4 [2: 3 "
       Stack:[#56: Appl #55 #54
              #55: Appl #6 #46
              #6: Ind #42]
       Dump:[<{Print; PrintEndStruct; PrintEndStruct}, []>
             <{Update 1; Pop 1; Unwind}, [#46, #47]>]
      VStack:[]
       Code:{Unwind}
      
      
 152) Output:"[2: 4 [2: 3 "
       Stack:[#56: Appl #55 #54
              #55: Appl #6 #46
              #42: Global Pack{2,2}]
       Dump:[<{Print; PrintEndStruct; PrintEndStruct}, []>
             <{Update 1; Pop 1; Unwind}, [#46, #47]>]
      VStack:[]
       Code:{Unwind}
      
      
 153) Output:"[2: 4 [2: 3 "
       Stack:[#56: Appl #55 #54
              #54: Appl #12 #53
              #46: Ind #51]
       Dump:[<{Print; PrintEndStruct; PrintEndStruct}, []>
             <{Update 1; Pop 1; Unwind}, [#46, #47]>]
      VStack:[]
       Code:{Pack 2, 2
             Update 0
             Unwind}
      
      
 154) Output:"[2: 4 [2: 3 "
       Stack:[#56: Appl #55 #54
              #57: Constr 2 [#46, #54]]
       Dump:[<{Print; PrintEndStruct; PrintEndStruct}, []>
             <{Update 1; Pop 1; Unwind}, [#46, #47]>]
      VStack:[]
       Code:{Update 0
             Unwind}
      
      
 155) Output:"[2: 4 [2: 3 "
       Stack:[#56: Ind #57]
       Dump:[<{Print; PrintEndStruct; PrintEndStruct}, []>
             <{Update 1; Pop 1; Unwind}, [#46, #47]>]
      VStack:[]
       Code:{Unwind}
      
      
 156) Output:"[2: 4 [2: 3 "
       Stack:[#57: Constr 2 [#46, #54]]
       Dump:[<{Print; PrintEndStruct; PrintEndStruct}, []>
             <{Update 1; Pop 1; Unwind}, [#46, #47]>]
      VStack:[]
       Code:{Unwind}
      
      
 157) Output:"[2: 4 [2: 3 "
       Stack:[#47: Appl #12 #46
              #46: Ind #51
              #57: Constr 2 [#46, #54]]
       Dump:[<{Print; PrintEndStruct; PrintEndStruct}, []>]
      VStack:[]
       Code:{Update 1
             Pop 1
             Unwind}
      
      
 158) Output:"[2: 4 [2: 3 "
       Stack:[#47: Ind #57
              #46: Ind #51]
       Dump:[<{Print; PrintEndStruct; PrintEndStruct}, []>]
      VStack:[]
       Code:{Pop 1
             Unwind}
      
      
 159) Output:"[2: 4 [2: 3 "
       Stack:[#47: Ind #57]
       Dump:[<{Print; PrintEndStruct; PrintEndStruct}, []>]
      VStack:[]
       Code:{Unwind}
      
      
 160) Output:"[2: 4 [2: 3 "
       Stack:[#57: Constr 2 [#46, #54]]
       Dump:[<{Print; PrintEndStruct; PrintEndStruct}, []>]
      VStack:[]
       Code:{Unwind}
      
      
 161) Output:"[2: 4 [2: 3 "
       Stack:[#57: Constr 2 [#46, #54]]
       Dump:[]
      VStack:[]
       Code:{Print
             PrintEndStruct
             PrintEndStruct}
      
      
 162) Output:"[2: 4 [2: 3 [2: "
       Stack:[#54: Appl #12 #53
              #46: Ind #51]
       Dump:[]
      VStack:[]
       Code:{Eval
             Print
             Eval
             Print
             PrintEndStruct
             PrintEndStruct
             PrintEndStruct}
      
      
 163) Output:"[2: 4 [2: 3 [2: "
       Stack:[#46: Ind #51]
       Dump:[<{Print; Eval; Print; ...}, [#54]>]
      VStack:[]
       Code:{Unwind}
      
      
 164) Output:"[2: 4 [2: 3 [2: "
       Stack:[#51: 2]
       Dump:[<{Print; Eval; Print; ...}, [#54]>]
      VStack:[]
       Code:{Unwind}
      
      
 165) Output:"[2: 4 [2: 3 [2: "
       Stack:[#54: Appl #12 #53
              #51: 2]
       Dump:[]
      VStack:[]
       Code:{Print
             Eval
             Print
             PrintEndStruct
             PrintEndStruct
             PrintEndStruct}
      
      
 166) Output:"[2: 4 [2: 3 [2: 2 "
       Stack:[#54: Appl #12 #53]
       Dump:[]
      VStack:[]
       Code:{Eval
             Print
             PrintEndStruct
             PrintEndStruct
             PrintEndStruct}
      
      
 167) Output:"[2: 4 [2: 3 [2: 2 "
       Stack:[#54: Appl #12 #53]
       Dump:[<{Print; PrintEndStruct; PrintEndStruct; ...}, []>]
      VStack:[]
       Code:{Unwind}
      
      
 168) Output:"[2: 4 [2: 3 [2: 2 "
       Stack:[#54: Appl #12 #53
              #12: Global downfrom]
       Dump:[<{Print; PrintEndStruct; PrintEndStruct; ...}, []>]
      VStack:[]
       Code:{Unwind}
      
      
 169) Output:"[2: 4 [2: 3 [2: 2 "
       Stack:[#54: Appl #12 #53
              #53: Appl #52 #36]
       Dump:[<{Print; PrintEndStruct; PrintEndStruct; ...}, []>]
      VStack:[]
       Code:{Pushbasic 0
             Push 0
             Eval
             S2V
             Eq
             (Cond
             1 -> {Pushglobal *pack1,0; Eval; Update 1; ...}
             0 -> {Pushint 1; Push 1; Pushglobal -; ...})}
      
      
 170) Output:"[2: 4 [2: 3 [2: 2 "
       Stack:[#54: Appl #12 #53
              #53: Appl #52 #36]
       Dump:[<{Print; PrintEndStruct; PrintEndStruct; ...}, []>]
      VStack:[0]
       Code:{Push 0
             Eval
             S2V
             Eq
             (Cond
             1 -> {Pushglobal *pack1,0; Eval; Update 1; ...}
             0 -> {Pushint 1; Push 1; Pushglobal -; ...})}
      
      
 171) Output:"[2: 4 [2: 3 [2: 2 "
       Stack:[#54: Appl #12 #53
              #53: Appl #52 #36
              #53: Appl #52 #36]
       Dump:[<{Print; PrintEndStruct; PrintEndStruct; ...}, []>]
      VStack:[0]
       Code:{Eval
             S2V
             Eq
             (Cond
             1 -> {Pushglobal *pack1,0; Eval; Update 1; ...}
             0 -> {Pushint 1; Push 1; Pushglobal -; ...})}
      
      
 172) Output:"[2: 4 [2: 3 [2: 2 "
       Stack:[#53: Appl #52 #36]
       Dump:[<{Print; PrintEndStruct; PrintEndStruct; ...}, []>
             <{S2V; Eq; (Cond
             1 -> {Pushglobal *pack1,0; Eval; Update 1; ...}
             0 -> {Pushint 1; Push 1; Pushglobal -; ...})}, [#53, #54]>]
      VStack:[0]
       Code:{Unwind}
      
      
 173) Output:"[2: 4 [2: 3 [2: 2 "
       Stack:[#53: Appl #52 #36
              #52: Appl #18 #46]
       Dump:[<{Print; PrintEndStruct; PrintEndStruct; ...}, []>
             <{S2V; Eq; (Cond
             1 -> {Pushglobal *pack1,0; Eval; Update 1; ...}
             0 -> {Pushint 1; Push 1; Pushglobal -; ...})}, [#53, #54]>]
      VStack:[0]
       Code:{Unwind}
      
      
 174) Output:"[2: 4 [2: 3 [2: 2 "
       Stack:[#53: Appl #52 #36
              #52: Appl #18 #46
              #18: Global -]
       Dump:[<{Print; PrintEndStruct; PrintEndStruct; ...}, []>
             <{S2V; Eq; (Cond
             1 -> {Pushglobal *pack1,0; Eval; Update 1; ...}
             0 -> {Pushint 1; Push 1; Pushglobal -; ...})}, [#53, #54]>]
      VStack:[0]
       Code:{Unwind}
      
      
 175) Output:"[2: 4 [2: 3 [2: 2 "
       Stack:[#53: Appl #52 #36
              #36: 1
              #46: Ind #51]
       Dump:[<{Print; PrintEndStruct; PrintEndStruct; ...}, []>
             <{S2V; Eq; (Cond
             1 -> {Pushglobal *pack1,0; Eval; Update 1; ...}
             0 -> {Pushint 1; Push 1; Pushglobal -; ...})}, [#53, #54]>]
      VStack:[0]
       Code:{Push 1
             Eval
             S2V
             Push 0
             Eval
             S2V
             Sub
             Mkint
             Update 2
             Pop 2
             Unwind}
      
      
 176) Output:"[2: 4 [2: 3 [2: 2 "
       Stack:[#53: Appl #52 #36
              #36: 1
              #46: Ind #51
              #36: 1]
       Dump:[<{Print; PrintEndStruct; PrintEndStruct; ...}, []>
             <{S2V; Eq; (Cond
             1 -> {Pushglobal *pack1,0; Eval; Update 1; ...}
             0 -> {Pushint 1; Push 1; Pushglobal -; ...})}, [#53, #54]>]
      VStack:[0]
       Code:{Eval
             S2V
             Push 0
             Eval
             S2V
             Sub
             Mkint
             Update 2
             Pop 2
             Unwind}
      
      
 177) Output:"[2: 4 [2: 3 [2: 2 "
       Stack:[#36: 1]
       Dump:[<{Print; PrintEndStruct; PrintEndStruct; ...}, []>
             <{S2V; Eq; (Cond
             1 -> {Pushglobal *pack1,0; Eval; Update 1; ...}
             0 -> {Pushint 1; Push 1; Pushglobal -; ...})}, [#53, #54]>
             <{S2V; Push 0; Eval; ...}, [#46, #36, #53]>]
      VStack:[0]
       Code:{Unwind}
      
      
 178) Output:"[2: 4 [2: 3 [2: 2 "
       Stack:[#53: Appl #52 #36
              #36: 1
              #46: Ind #51
              #36: 1]
       Dump:[<{Print; PrintEndStruct; PrintEndStruct; ...}, []>
             <{S2V; Eq; (Cond
             1 -> {Pushglobal *pack1,0; Eval; Update 1; ...}
             0 -> {Pushint 1; Push 1; Pushglobal -; ...})}, [#53, #54]>]
      VStack:[0]
       Code:{S2V
             Push 0
             Eval
             S2V
             Sub
             Mkint
             Update 2
             Pop 2
             Unwind}
      
      
 179) Output:"[2: 4 [2: 3 [2: 2 "
       Stack:[#53: Appl #52 #36
              #36: 1
              #46: Ind #51]
       Dump:[<{Print; PrintEndStruct; PrintEndStruct; ...}, []>
             <{S2V; Eq; (Cond
             1 -> {Pushglobal *pack1,0; Eval; Update 1; ...}
             0 -> {Pushint 1; Push 1; Pushglobal -; ...})}, [#53, #54]>]
      VStack:[1, 0]
       Code:{Push 0
             Eval
             S2V
             Sub
             Mkint
             Update 2
             Pop 2
             Unwind}
      
      
 180) Output:"[2: 4 [2: 3 [2: 2 "
       Stack:[#53: Appl #52 #36
              #36: 1
              #46: Ind #51
              #46: Ind #51]
       Dump:[<{Print; PrintEndStruct; PrintEndStruct; ...}, []>
             <{S2V; Eq; (Cond
             1 -> {Pushglobal *pack1,0; Eval; Update 1; ...}
             0 -> {Pushint 1; Push 1; Pushglobal -; ...})}, [#53, #54]>]
      VStack:[1, 0]
       Code:{Eval
             S2V
             Sub
             Mkint
             Update 2
             Pop 2
             Unwind}
      
      
 181) Output:"[2: 4 [2: 3 [2: 2 "
       Stack:[#46: Ind #51]
       Dump:[<{Print; PrintEndStruct; PrintEndStruct; ...}, []>
             <{S2V; Eq; (Cond
             1 -> {Pushglobal *pack1,0; Eval; Update 1; ...}
             0 -> {Pushint 1; Push 1; Pushglobal -; ...})}, [#53, #54]>
             <{S2V; Sub; Mkint; ...}, [#46, #36, #53]>]
      VStack:[1, 0]
       Code:{Unwind}
      
      
 182) Output:"[2: 4 [2: 3 [2: 2 "
       Stack:[#51: 2]
       Dump:[<{Print; PrintEndStruct; PrintEndStruct; ...}, []>
             <{S2V; Eq; (Cond
             1 -> {Pushglobal *pack1,0; Eval; Update 1; ...}
             0 -> {Pushint 1; Push 1; Pushglobal -; ...})}, [#53, #54]>
             <{S2V; Sub; Mkint; ...}, [#46, #36, #53]>]
      VStack:[1, 0]
       Code:{Unwind}
      
      
 183) Output:"[2: 4 [2: 3 [2: 2 "
       Stack:[#53: Appl #52 #36
              #36: 1
              #46: Ind #51
              #51: 2]
       Dump:[<{Print; PrintEndStruct; PrintEndStruct; ...}, []>
             <{S2V; Eq; (Cond
             1 -> {Pushglobal *pack1,0; Eval; Update 1; ...}
             0 -> {Pushint 1; Push 1; Pushglobal -; ...})}, [#53, #54]>]
      VStack:[1, 0]
       Code:{S2V
             Sub
             Mkint
             Update 2
             Pop 2
             Unwind}
      
      
 184) Output:"[2: 4 [2: 3 [2: 2 "
       Stack:[#53: Appl #52 #36
              #36: 1
              #46: Ind #51]
       Dump:[<{Print; PrintEndStruct; PrintEndStruct; ...}, []>
             <{S2V; Eq; (Cond
             1 -> {Pushglobal *pack1,0; Eval; Update 1; ...}
             0 -> {Pushint 1; Push 1; Pushglobal -; ...})}, [#53, #54]>]
      VStack:[2, 1, 0]
       Code:{Sub
             Mkint
             Update 2
             Pop 2
             Unwind}
      
      
 185) Output:"[2: 4 [2: 3 [2: 2 "
       Stack:[#53: Appl #52 #36
              #36: 1
              #46: Ind #51]
       Dump:[<{Print; PrintEndStruct; PrintEndStruct; ...}, []>
             <{S2V; Eq; (Cond
             1 -> {Pushglobal *pack1,0; Eval; Update 1; ...}
             0 -> {Pushint 1; Push 1; Pushglobal -; ...})}, [#53, #54]>]
      VStack:[1, 0]
       Code:{Mkint
             Update 2
             Pop 2
             Unwind}
      
      
 186) Output:"[2: 4 [2: 3 [2: 2 "
       Stack:[#53: Appl #52 #36
              #36: 1
              #46: Ind #51
              #58: 1]
       Dump:[<{Print; PrintEndStruct; PrintEndStruct; ...}, []>
             <{S2V; Eq; (Cond
             1 -> {Pushglobal *pack1,0; Eval; Update 1; ...}
             0 -> {Pushint 1; Push 1; Pushglobal -; ...})}, [#53, #54]>]
      VStack:[0]
       Code:{Update 2
             Pop 2
             Unwind}
      
      
 187) Output:"[2: 4 [2: 3 [2: 2 "
       Stack:[#53: Ind #58
              #36: 1
              #46: Ind #51]
       Dump:[<{Print; PrintEndStruct; PrintEndStruct; ...}, []>
             <{S2V; Eq; (Cond
             1 -> {Pushglobal *pack1,0; Eval; Update 1; ...}
             0 -> {Pushint 1; Push 1; Pushglobal -; ...})}, [#53, #54]>]
      VStack:[0]
       Code:{Pop 2
             Unwind}
      
      
 188) Output:"[2: 4 [2: 3 [2: 2 "
       Stack:[#53: Ind #58]
       Dump:[<{Print; PrintEndStruct; PrintEndStruct; ...}, []>
             <{S2V; Eq; (Cond
             1 -> {Pushglobal *pack1,0; Eval; Update 1; ...}
             0 -> {Pushint 1; Push 1; Pushglobal -; ...})}, [#53, #54]>]
      VStack:[0]
       Code:{Unwind}
      
      
 189) Output:"[2: 4 [2: 3 [2: 2 "
       Stack:[#58: 1]
       Dump:[<{Print; PrintEndStruct; PrintEndStruct; ...}, []>
             <{S2V; Eq; (Cond
             1 -> {Pushglobal *pack1,0; Eval; Update 1; ...}
             0 -> {Pushint 1; Push 1; Pushglobal -; ...})}, [#53, #54]>]
      VStack:[0]
       Code:{Unwind}
      
      
 190) Output:"[2: 4 [2: 3 [2: 2 "
       Stack:[#54: Appl #12 #53
              #53: Ind #58
              #58: 1]
       Dump:[<{Print; PrintEndStruct; PrintEndStruct; ...}, []>]
      VStack:[0]
       Code:{S2V
             Eq
             (Cond
             1 -> {Pushglobal *pack1,0; Eval; Update 1; ...}
             0 -> {Pushint 1; Push 1; Pushglobal -; ...})}
      
      
 191) Output:"[2: 4 [2: 3 [2: 2 "
       Stack:[#54: Appl #12 #53
              #53: Ind #58]
       Dump:[<{Print; PrintEndStruct; PrintEndStruct; ...}, []>]
      VStack:[1, 0]
       Code:{Eq
             (Cond
             1 -> {Pushglobal *pack1,0; Eval; Update 1; ...}
             0 -> {Pushint 1; Push 1; Pushglobal -; ...})}
      
      
 192) Output:"[2: 4 [2: 3 [2: 2 "
       Stack:[#54: Appl #12 #53
              #53: Ind #58]
       Dump:[<{Print; PrintEndStruct; PrintEndStruct; ...}, []>]
      VStack:[1]
       Code:{(Cond
             1 -> {Pushglobal *pack1,0; Eval; Update 1; ...}
             0 -> {Pushint 1; Push 1; Pushglobal -; ...})}
      
      
 193) Output:"[2: 4 [2: 3 [2: 2 "
       Stack:[#54: Appl #12 #53
              #53: Ind #58]
       Dump:[<{Print; PrintEndStruct; PrintEndStruct; ...}, []>]
      VStack:[]
       Code:{Pushint 1
             Push 1
             Pushglobal -
             MkAppl
             MkAppl
             Pushglobal downfrom
             MkAppl
             Push 1
             Pushglobal *pack2,2
             MkAppl
             MkAppl
             Eval
             Update 1
             Pop 1
             Unwind}
      
      
 194) Output:"[2: 4 [2: 3 [2: 2 "
       Stack:[#54: Appl #12 #53
              #53: Ind #58
              #36: 1]
       Dump:[<{Print; PrintEndStruct; PrintEndStruct; ...}, []>]
      VStack:[]
       Code:{Push 1
             Pushglobal -
             MkAppl
             MkAppl
             Pushglobal downfrom
             MkAppl
             Push 1
             Pushglobal *pack2,2
             MkAppl
             MkAppl
             Eval
             Update 1
             Pop 1
             Unwind}
      
      
 195) Output:"[2: 4 [2: 3 [2: 2 "
       Stack:[#54: Appl #12 #53
              #53: Ind #58
              #36: 1
              #53: Ind #58]
       Dump:[<{Print; PrintEndStruct; PrintEndStruct; ...}, []>]
      VStack:[]
       Code:{Pushglobal -
             MkAppl
             MkAppl
             Pushglobal downfrom
             MkAppl
             Push 1
             Pushglobal *pack2,2
             MkAppl
             MkAppl
             Eval
             Update 1
             Pop 1
             Unwind}
      
      
 196) Output:"[2: 4 [2: 3 [2: 2 "
       Stack:[#54: Appl #12 #53
              #53: Ind #58
              #36: 1
              #53: Ind #58
              #18: Global -]
       Dump:[<{Print; PrintEndStruct; PrintEndStruct; ...}, []>]
      VStack:[]
       Code:{MkAppl
             MkAppl
             Pushglobal downfrom
             MkAppl
             Push 1
             Pushglobal *pack2,2
             MkAppl
             MkAppl
             Eval
             Update 1
             Pop 1
             Unwind}
      
      
 197) Output:"[2: 4 [2: 3 [2: 2 "
       Stack:[#54: Appl #12 #53
              #53: Ind #58
              #36: 1
              #59: Appl #18 #53]
       Dump:[<{Print; PrintEndStruct; PrintEndStruct; ...}, []>]
      VStack:[]
       Code:{MkAppl
             Pushglobal downfrom
             MkAppl
             Push 1
             Pushglobal *pack2,2
             MkAppl
             MkAppl
             Eval
             Update 1
             Pop 1
             Unwind}
      
      
 198) Output:"[2: 4 [2: 3 [2: 2 "
       Stack:[#54: Appl #12 #53
              #53: Ind #58
              #60: Appl #59 #36]
       Dump:[<{Print; PrintEndStruct; PrintEndStruct; ...}, []>]
      VStack:[]
       Code:{Pushglobal downfrom
             MkAppl
             Push 1
             Pushglobal *pack2,2
             MkAppl
             MkAppl
             Eval
             Update 1
             Pop 1
             Unwind}
      
      
 199) Output:"[2: 4 [2: 3 [2: 2 "
       Stack:[#54: Appl #12 #53
              #53: Ind #58
              #60: Appl #59 #36
              #12: Global downfrom]
       Dump:[<{Print; PrintEndStruct; PrintEndStruct; ...}, []>]
      VStack:[]
       Code:{MkAppl
             Push 1
             Pushglobal *pack2,2
             MkAppl
             MkAppl
             Eval
             Update 1
             Pop 1
             Unwind}
      
      
 200) Output:"[2: 4 [2: 3 [2: 2 "
       Stack:[#54: Appl #12 #53
              #53: Ind #58
              #61: Appl #12 #60]
       Dump:[<{Print; PrintEndStruct; PrintEndStruct; ...}, []>]
      VStack:[]
       Code:{Push 1
             Pushglobal *pack2,2
             MkAppl
             MkAppl
             Eval
             Update 1
             Pop 1
             Unwind}
      
      
 201) Output:"[2: 4 [2: 3 [2: 2 "
       Stack:[#54: Appl #12 #53
              #53: Ind #58
              #61: Appl #12 #60
              #53: Ind #58]
       Dump:[<{Print; PrintEndStruct; PrintEndStruct; ...}, []>]
      VStack:[]
       Code:{Pushglobal *pack2,2
             MkAppl
             MkAppl
             Eval
             Update 1
             Pop 1
             Unwind}
      
      
 202) Output:"[2: 4 [2: 3 [2: 2 "
       Stack:[#54: Appl #12 #53
              #53: Ind #58
              #61: Appl #12 #60
              #53: Ind #58
              #6: Ind #42]
       Dump:[<{Print; PrintEndStruct; PrintEndStruct; ...}, []>]
      VStack:[]
       Code:{MkAppl
             MkAppl
             Eval
             Update 1
             Pop 1
             Unwind}
      
      
 203) Output:"[2: 4 [2: 3 [2: 2 "
       Stack:[#54: Appl #12 #53
              #53: Ind #58
              #61: Appl #12 #60
              #62: Appl #6 #53]
       Dump:[<{Print; PrintEndStruct; PrintEndStruct; ...}, []>]
      VStack:[]
       Code:{MkAppl
             Eval
             Update 1
             Pop 1
             Unwind}
      
      
 204) Output:"[2: 4 [2: 3 [2: 2 "
       Stack:[#54: Appl #12 #53
              #53: Ind #58
              #63: Appl #62 #61]
       Dump:[<{Print; PrintEndStruct; PrintEndStruct; ...}, []>]
      VStack:[]
       Code:{Eval
             Update 1
             Pop 1
             Unwind}
      
      
 205) Output:"[2: 4 [2: 3 [2: 2 "
       Stack:[#63: Appl #62 #61]
       Dump:[<{Print; PrintEndStruct; PrintEndStruct; ...}, []>
             <{Update 1; Pop 1; Unwind}, [#53, #54]>]
      VStack:[]
       Code:{Unwind}
      
      
 206) Output:"[2: 4 [2: 3 [2: 2 "
       Stack:[#63: Appl #62 #61
              #62: Appl #6 #53]
       Dump:[<{Print; PrintEndStruct; PrintEndStruct; ...}, []>
             <{Update 1; Pop 1; Unwind}, [#53, #54]>]
      VStack:[]
       Code:{Unwind}
      
      
 207) Output:"[2: 4 [2: 3 [2: 2 "
       Stack:[#63: Appl #62 #61
              #62: Appl #6 #53
              #6: Ind #42]
       Dump:[<{Print; PrintEndStruct; PrintEndStruct; ...}, []>
             <{Update 1; Pop 1; Unwind}, [#53, #54]>]
      VStack:[]
       Code:{Unwind}
      
      
 208) Output:"[2: 4 [2: 3 [2: 2 "
       Stack:[#63: Appl #62 #61
              #62: Appl #6 #53
              #42: Global Pack{2,2}]
       Dump:[<{Print; PrintEndStruct; PrintEndStruct; ...}, []>
             <{Update 1; Pop 1; Unwind}, [#53, #54]>]
      VStack:[]
       Code:{Unwind}
      
      
 209) Output:"[2: 4 [2: 3 [2: 2 "
       Stack:[#63: Appl #62 #61
              #61: Appl #12 #60
              #53: Ind #58]
       Dump:[<{Print; PrintEndStruct; PrintEndStruct; ...}, []>
             <{Update 1; Pop 1; Unwind}, [#53, #54]>]
      VStack:[]
       Code:{Pack 2, 2
             Update 0
             Unwind}
      
      
 210) Output:"[2: 4 [2: 3 [2: 2 "
       Stack:[#63: Appl #62 #61
              #64: Constr 2 [#53, #61]]
       Dump:[<{Print; PrintEndStruct; PrintEndStruct; ...}, []>
             <{Update 1; Pop 1; Unwind}, [#53, #54]>]
      VStack:[]
       Code:{Update 0
             Unwind}
      
      
 211) Output:"[2: 4 [2: 3 [2: 2 "
       Stack:[#63: Ind #64]
       Dump:[<{Print; PrintEndStruct; PrintEndStruct; ...}, []>
             <{Update 1; Pop 1; Unwind}, [#53, #54]>]
      VStack:[]
       Code:{Unwind}
      
      
 212) Output:"[2: 4 [2: 3 [2: 2 "
       Stack:[#64: Constr 2 [#53, #61]]
       Dump:[<{Print; PrintEndStruct; PrintEndStruct; ...}, []>
             <{Update 1; Pop 1; Unwind}, [#53, #54]>]
      VStack:[]
       Code:{Unwind}
      
      
 213) Output:"[2: 4 [2: 3 [2: 2 "
       Stack:[#54: Appl #12 #53
              #53: Ind #58
              #64: Constr 2 [#53, #61]]
       Dump:[<{Print; PrintEndStruct; PrintEndStruct; ...}, []>]
      VStack:[]
       Code:{Update 1
             Pop 1
             Unwind}
      
      
 214) Output:"[2: 4 [2: 3 [2: 2 "
       Stack:[#54: Ind #64
              #53: Ind #58]
       Dump:[<{Print; PrintEndStruct; PrintEndStruct; ...}, []>]
      VStack:[]
       Code:{Pop 1
             Unwind}
      
      
 215) Output:"[2: 4 [2: 3 [2: 2 "
       Stack:[#54: Ind #64]
       Dump:[<{Print; PrintEndStruct; PrintEndStruct; ...}, []>]
      VStack:[]
       Code:{Unwind}
      
      
 216) Output:"[2: 4 [2: 3 [2: 2 "
       Stack:[#64: Constr 2 [#53, #61]]
       Dump:[<{Print; PrintEndStruct; PrintEndStruct; ...}, []>]
      VStack:[]
       Code:{Unwind}
      
      
 217) Output:"[2: 4 [2: 3 [2: 2 "
       Stack:[#64: Constr 2 [#53, #61]]
       Dump:[]
      VStack:[]
       Code:{Print
             PrintEndStruct
             PrintEndStruct
             PrintEndStruct}
      
      
 218) Output:"[2: 4 [2: 3 [2: 2 [2: "
       Stack:[#61: Appl #12 #60
              #53: Ind #58]
       Dump:[]
      VStack:[]
       Code:{Eval
             Print
             Eval
             Print
             PrintEndStruct
             PrintEndStruct
             PrintEndStruct
             PrintEndStruct}
      
      
 219) Output:"[2: 4 [2: 3 [2: 2 [2: "
       Stack:[#53: Ind #58]
       Dump:[<{Print; Eval; Print; ...}, [#61]>]
      VStack:[]
       Code:{Unwind}
      
      
 220) Output:"[2: 4 [2: 3 [2: 2 [2: "
       Stack:[#58: 1]
       Dump:[<{Print; Eval; Print; ...}, [#61]>]
      VStack:[]
       Code:{Unwind}
      
      
 221) Output:"[2: 4 [2: 3 [2: 2 [2: "
       Stack:[#61: Appl #12 #60
              #58: 1]
       Dump:[]
      VStack:[]
       Code:{Print
             Eval
             Print
             PrintEndStruct
             PrintEndStruct
             PrintEndStruct
             PrintEndStruct}
      
      
 222) Output:"[2: 4 [2: 3 [2: 2 [2: 1 "
       Stack:[#61: Appl #12 #60]
       Dump:[]
      VStack:[]
       Code:{Eval
             Print
             PrintEndStruct
             PrintEndStruct
             PrintEndStruct
             PrintEndStruct}
      
      
 223) Output:"[2: 4 [2: 3 [2: 2 [2: 1 "
       Stack:[#61: Appl #12 #60]
       Dump:[<{Print; PrintEndStruct; PrintEndStruct; ...}, []>]
      VStack:[]
       Code:{Unwind}
      
      
 224) Output:"[2: 4 [2: 3 [2: 2 [2: 1 "
       Stack:[#61: Appl #12 #60
              #12: Global downfrom]
       Dump:[<{Print; PrintEndStruct; PrintEndStruct; ...}, []>]
      VStack:[]
       Code:{Unwind}
      
      
 225) Output:"[2: 4 [2: 3 [2: 2 [2: 1 "
       Stack:[#61: Appl #12 #60
              #60: Appl #59 #36]
       Dump:[<{Print; PrintEndStruct; PrintEndStruct; ...}, []>]
      VStack:[]
       Code:{Pushbasic 0
             Push 0
             Eval
             S2V
             Eq
             (Cond
             1 -> {Pushglobal *pack1,0; Eval; Update 1; ...}
             0 -> {Pushint 1; Push 1; Pushglobal -; ...})}
      
      
 226) Output:"[2: 4 [2: 3 [2: 2 [2: 1 "
       Stack:[#61: Appl #12 #60
              #60: Appl #59 #36]
       Dump:[<{Print; PrintEndStruct; PrintEndStruct; ...}, []>]
      VStack:[0]
       Code:{Push 0
             Eval
             S2V
             Eq
             (Cond
             1 -> {Pushglobal *pack1,0; Eval; Update 1; ...}
             0 -> {Pushint 1; Push 1; Pushglobal -; ...})}
      
      
 227) Output:"[2: 4 [2: 3 [2: 2 [2: 1 "
       Stack:[#61: Appl #12 #60
              #60: Appl #59 #36
              #60: Appl #59 #36]
       Dump:[<{Print; PrintEndStruct; PrintEndStruct; ...}, []>]
      VStack:[0]
       Code:{Eval
             S2V
             Eq
             (Cond
             1 -> {Pushglobal *pack1,0; Eval; Update 1; ...}
             0 -> {Pushint 1; Push 1; Pushglobal -; ...})}
      
      
 228) Output:"[2: 4 [2: 3 [2: 2 [2: 1 "
       Stack:[#60: Appl #59 #36]
       Dump:[<{Print; PrintEndStruct; PrintEndStruct; ...}, []>
             <{S2V; Eq; (Cond
             1 -> {Pushglobal *pack1,0; Eval; Update 1; ...}
             0 -> {Pushint 1; Push 1; Pushglobal -; ...})}, [#60, #61]>]
      VStack:[0]
       Code:{Unwind}
      
      
 229) Output:"[2: 4 [2: 3 [2: 2 [2: 1 "
       Stack:[#60: Appl #59 #36
              #59: Appl #18 #53]
       Dump:[<{Print; PrintEndStruct; PrintEndStruct; ...}, []>
             <{S2V; Eq; (Cond
             1 -> {Pushglobal *pack1,0; Eval; Update 1; ...}
             0 -> {Pushint 1; Push 1; Pushglobal -; ...})}, [#60, #61]>]
      VStack:[0]
       Code:{Unwind}
      
      
 230) Output:"[2: 4 [2: 3 [2: 2 [2: 1 "
       Stack:[#60: Appl #59 #36
              #59: Appl #18 #53
              #18: Global -]
       Dump:[<{Print; PrintEndStruct; PrintEndStruct; ...}, []>
             <{S2V; Eq; (Cond
             1 -> {Pushglobal *pack1,0; Eval; Update 1; ...}
             0 -> {Pushint 1; Push 1; Pushglobal -; ...})}, [#60, #61]>]
      VStack:[0]
       Code:{Unwind}
      
      
 231) Output:"[2: 4 [2: 3 [2: 2 [2: 1 "
       Stack:[#60: Appl #59 #36
              #36: 1
              #53: Ind #58]
       Dump:[<{Print; PrintEndStruct; PrintEndStruct; ...}, []>
             <{S2V; Eq; (Cond
             1 -> {Pushglobal *pack1,0; Eval; Update 1; ...}
             0 -> {Pushint 1; Push 1; Pushglobal -; ...})}, [#60, #61]>]
      VStack:[0]
       Code:{Push 1
             Eval
             S2V
             Push 0
             Eval
             S2V
             Sub
             Mkint
             Update 2
             Pop 2
             Unwind}
      
      
 232) Output:"[2: 4 [2: 3 [2: 2 [2: 1 "
       Stack:[#60: Appl #59 #36
              #36: 1
              #53: Ind #58
              #36: 1]
       Dump:[<{Print; PrintEndStruct; PrintEndStruct; ...}, []>
             <{S2V; Eq; (Cond
             1 -> {Pushglobal *pack1,0; Eval; Update 1; ...}
             0 -> {Pushint 1; Push 1; Pushglobal -; ...})}, [#60, #61]>]
      VStack:[0]
       Code:{Eval
             S2V
             Push 0
             Eval
             S2V
             Sub
             Mkint
             Update 2
             Pop 2
             Unwind}
      
      
 233) Output:"[2: 4 [2: 3 [2: 2 [2: 1 "
       Stack:[#36: 1]
       Dump:[<{Print; PrintEndStruct; PrintEndStruct; ...}, []>
             <{S2V; Eq; (Cond
             1 -> {Pushglobal *pack1,0; Eval; Update 1; ...}
             0 -> {Pushint 1; Push 1; Pushglobal -; ...})}, [#60, #61]>
             <{S2V; Push 0; Eval; ...}, [#53, #36, #60]>]
      VStack:[0]
       Code:{Unwind}
      
      
 234) Output:"[2: 4 [2: 3 [2: 2 [2: 1 "
       Stack:[#60: Appl #59 #36
              #36: 1
              #53: Ind #58
              #36: 1]
       Dump:[<{Print; PrintEndStruct; PrintEndStruct; ...}, []>
             <{S2V; Eq; (Cond
             1 -> {Pushglobal *pack1,0; Eval; Update 1; ...}
             0 -> {Pushint 1; Push 1; Pushglobal -; ...})}, [#60, #61]>]
      VStack:[0]
       Code:{S2V
             Push 0
             Eval
             S2V
             Sub
             Mkint
             Update 2
             Pop 2
             Unwind}
      
      
 235) Output:"[2: 4 [2: 3 [2: 2 [2: 1 "
       Stack:[#60: Appl #59 #36
              #36: 1
              #53: Ind #58]
       Dump:[<{Print; PrintEndStruct; PrintEndStruct; ...}, []>
             <{S2V; Eq; (Cond
             1 -> {Pushglobal *pack1,0; Eval; Update 1; ...}
             0 -> {Pushint 1; Push 1; Pushglobal -; ...})}, [#60, #61]>]
      VStack:[1, 0]
       Code:{Push 0
             Eval
             S2V
             Sub
             Mkint
             Update 2
             Pop 2
             Unwind}
      
      
 236) Output:"[2: 4 [2: 3 [2: 2 [2: 1 "
       Stack:[#60: Appl #59 #36
              #36: 1
              #53: Ind #58
              #53: Ind #58]
       Dump:[<{Print; PrintEndStruct; PrintEndStruct; ...}, []>
             <{S2V; Eq; (Cond
             1 -> {Pushglobal *pack1,0; Eval; Update 1; ...}
             0 -> {Pushint 1; Push 1; Pushglobal -; ...})}, [#60, #61]>]
      VStack:[1, 0]
       Code:{Eval
             S2V
             Sub
             Mkint
             Update 2
             Pop 2
             Unwind}
      
      
 237) Output:"[2: 4 [2: 3 [2: 2 [2: 1 "
       Stack:[#53: Ind #58]
       Dump:[<{Print; PrintEndStruct; PrintEndStruct; ...}, []>
             <{S2V; Eq; (Cond
             1 -> {Pushglobal *pack1,0; Eval; Update 1; ...}
             0 -> {Pushint 1; Push 1; Pushglobal -; ...})}, [#60, #61]>
             <{S2V; Sub; Mkint; ...}, [#53, #36, #60]>]
      VStack:[1, 0]
       Code:{Unwind}
      
      
 238) Output:"[2: 4 [2: 3 [2: 2 [2: 1 "
       Stack:[#58: 1]
       Dump:[<{Print; PrintEndStruct; PrintEndStruct; ...}, []>
             <{S2V; Eq; (Cond
             1 -> {Pushglobal *pack1,0; Eval; Update 1; ...}
             0 -> {Pushint 1; Push 1; Pushglobal -; ...})}, [#60, #61]>
             <{S2V; Sub; Mkint; ...}, [#53, #36, #60]>]
      VStack:[1, 0]
       Code:{Unwind}
      
      
 239) Output:"[2: 4 [2: 3 [2: 2 [2: 1 "
       Stack:[#60: Appl #59 #36
              #36: 1
              #53: Ind #58
              #58: 1]
       Dump:[<{Print; PrintEndStruct; PrintEndStruct; ...}, []>
             <{S2V; Eq; (Cond
             1 -> {Pushglobal *pack1,0; Eval; Update 1; ...}
             0 -> {Pushint 1; Push 1; Pushglobal -; ...})}, [#60, #61]>]
      VStack:[1, 0]
       Code:{S2V
             Sub
             Mkint
             Update 2
             Pop 2
             Unwind}
      
      
 240) Output:"[2: 4 [2: 3 [2: 2 [2: 1 "
       Stack:[#60: Appl #59 #36
              #36: 1
              #53: Ind #58]
       Dump:[<{Print; PrintEndStruct; PrintEndStruct; ...}, []>
             <{S2V; Eq; (Cond
             1 -> {Pushglobal *pack1,0; Eval; Update 1; ...}
             0 -> {Pushint 1; Push 1; Pushglobal -; ...})}, [#60, #61]>]
      VStack:[1, 1, 0]
       Code:{Sub
             Mkint
             Update 2
             Pop 2
             Unwind}
      
      
 241) Output:"[2: 4 [2: 3 [2: 2 [2: 1 "
       Stack:[#60: Appl #59 #36
              #36: 1
              #53: Ind #58]
       Dump:[<{Print; PrintEndStruct; PrintEndStruct; ...}, []>
             <{S2V; Eq; (Cond
             1 -> {Pushglobal *pack1,0; Eval; Update 1; ...}
             0 -> {Pushint 1; Push 1; Pushglobal -; ...})}, [#60, #61]>]
      VStack:[0, 0]
       Code:{Mkint
             Update 2
             Pop 2
             Unwind}
      
      
 242) Output:"[2: 4 [2: 3 [2: 2 [2: 1 "
       Stack:[#60: Appl #59 #36
              #36: 1
              #53: Ind #58
              #65: 0]
       Dump:[<{Print; PrintEndStruct; PrintEndStruct; ...}, []>
             <{S2V; Eq; (Cond
             1 -> {Pushglobal *pack1,0; Eval; Update 1; ...}
             0 -> {Pushint 1; Push 1; Pushglobal -; ...})}, [#60, #61]>]
      VStack:[0]
       Code:{Update 2
             Pop 2
             Unwind}
      
      
 243) Output:"[2: 4 [2: 3 [2: 2 [2: 1 "
       Stack:[#60: Ind #65
              #36: 1
              #53: Ind #58]
       Dump:[<{Print; PrintEndStruct; PrintEndStruct; ...}, []>
             <{S2V; Eq; (Cond
             1 -> {Pushglobal *pack1,0; Eval; Update 1; ...}
             0 -> {Pushint 1; Push 1; Pushglobal -; ...})}, [#60, #61]>]
      VStack:[0]
       Code:{Pop 2
             Unwind}
      
      
 244) Output:"[2: 4 [2: 3 [2: 2 [2: 1 "
       Stack:[#60: Ind #65]
       Dump:[<{Print; PrintEndStruct; PrintEndStruct; ...}, []>
             <{S2V; Eq; (Cond
             1 -> {Pushglobal *pack1,0; Eval; Update 1; ...}
             0 -> {Pushint 1; Push 1; Pushglobal -; ...})}, [#60, #61]>]
      VStack:[0]
       Code:{Unwind}
      
      
 245) Output:"[2: 4 [2: 3 [2: 2 [2: 1 "
       Stack:[#65: 0]
       Dump:[<{Print; PrintEndStruct; PrintEndStruct; ...}, []>
             <{S2V; Eq; (Cond
             1 -> {Pushglobal *pack1,0; Eval; Update 1; ...}
             0 -> {Pushint 1; Push 1; Pushglobal -; ...})}, [#60, #61]>]
      VStack:[0]
       Code:{Unwind}
      
      
 246) Output:"[2: 4 [2: 3 [2: 2 [2: 1 "
       Stack:[#61: Appl #12 #60
              #60: Ind #65
              #65: 0]
       Dump:[<{Print; PrintEndStruct; PrintEndStruct; ...}, []>]
      VStack:[0]
       Code:{S2V
             Eq
             (Cond
             1 -> {Pushglobal *pack1,0; Eval; Update 1; ...}
             0 -> {Pushint 1; Push 1; Pushglobal -; ...})}
      
      
 247) Output:"[2: 4 [2: 3 [2: 2 [2: 1 "
       Stack:[#61: Appl #12 #60
              #60: Ind #65]
       Dump:[<{Print; PrintEndStruct; PrintEndStruct; ...}, []>]
      VStack:[0, 0]
       Code:{Eq
             (Cond
             1 -> {Pushglobal *pack1,0; Eval; Update 1; ...}
             0 -> {Pushint 1; Push 1; Pushglobal -; ...})}
      
      
 248) Output:"[2: 4 [2: 3 [2: 2 [2: 1 "
       Stack:[#61: Appl #12 #60
              #60: Ind #65]
       Dump:[<{Print; PrintEndStruct; PrintEndStruct; ...}, []>]
      VStack:[2]
       Code:{(Cond
             1 -> {Pushglobal *pack1,0; Eval; Update 1; ...}
             0 -> {Pushint 1; Push 1; Pushglobal -; ...})}
      
      
 249) Output:"[2: 4 [2: 3 [2: 2 [2: 1 "
       Stack:[#61: Appl #12 #60
              #60: Ind #65]
       Dump:[<{Print; PrintEndStruct; PrintEndStruct; ...}, []>]
      VStack:[]
       Code:{Pushglobal *pack1,0
             Eval
             Update 1
             Pop 1
             Unwind}
      
      
 250) Output:"[2: 4 [2: 3 [2: 2 [2: 1 "
       Stack:[#61: Appl #12 #60
              #60: Ind #65
              #7: Global *pack1,0]
       Dump:[<{Print; PrintEndStruct; PrintEndStruct; ...}, []>]
      VStack:[]
       Code:{Eval
             Update 1
             Pop 1
             Unwind}
      
      
 251) Output:"[2: 4 [2: 3 [2: 2 [2: 1 "
       Stack:[#7: Global *pack1,0]
       Dump:[<{Print; PrintEndStruct; PrintEndStruct; ...}, []>
             <{Update 1; Pop 1; Unwind}, [#60, #61]>]
      VStack:[]
       Code:{Unwind}
      
      
 252) Output:"[2: 4 [2: 3 [2: 2 [2: 1 "
       Stack:[#7: Global *pack1,0]
       Dump:[<{Print; PrintEndStruct; PrintEndStruct; ...}, []>
             <{Update 1; Pop 1; Unwind}, [#60, #61]>]
      VStack:[]
       Code:{Pack 1, 0
             Update 0
             Pop 0
             Unwind}
      
      
 253) Output:"[2: 4 [2: 3 [2: 2 [2: 1 "
       Stack:[#7: Global *pack1,0
              #66: Constr 1 []]
       Dump:[<{Print; PrintEndStruct; PrintEndStruct; ...}, []>
             <{Update 1; Pop 1; Unwind}, [#60, #61]>]
      VStack:[]
       Code:{Update 0
             Pop 0
             Unwind}
      
      
 254) Output:"[2: 4 [2: 3 [2: 2 [2: 1 "
       Stack:[#7: Ind #66]
       Dump:[<{Print; PrintEndStruct; PrintEndStruct; ...}, []>
             <{Update 1; Pop 1; Unwind}, [#60, #61]>]
      VStack:[]
       Code:{Pop 0
             Unwind}
      
      
 255) Output:"[2: 4 [2: 3 [2: 2 [2: 1 "
       Stack:[#7: Ind #66]
       Dump:[<{Print; PrintEndStruct; PrintEndStruct; ...}, []>
             <{Update 1; Pop 1; Unwind}, [#60, #61]>]
      VStack:[]
       Code:{Unwind}
      
      
 256) Output:"[2: 4 [2: 3 [2: 2 [2: 1 "
       Stack:[#66: Constr 1 []]
       Dump:[<{Print; PrintEndStruct; PrintEndStruct; ...}, []>
             <{Update 1; Pop 1; Unwind}, [#60, #61]>]
      VStack:[]
       Code:{Unwind}
      
      
 257) Output:"[2: 4 [2: 3 [2: 2 [2: 1 "
       Stack:[#61: Appl #12 #60
              #60: Ind #65
              #66: Constr 1 []]
       Dump:[<{Print; PrintEndStruct; PrintEndStruct; ...}, []>]
      VStack:[]
       Code:{Update 1
             Pop 1
             Unwind}
      
      
 258) Output:"[2: 4 [2: 3 [2: 2 [2: 1 "
       Stack:[#61: Ind #66
              #60: Ind #65]
       Dump:[<{Print; PrintEndStruct; PrintEndStruct; ...}, []>]
      VStack:[]
       Code:{Pop 1
             Unwind}
      
      
 259) Output:"[2: 4 [2: 3 [2: 2 [2: 1 "
       Stack:[#61: Ind #66]
       Dump:[<{Print; PrintEndStruct; PrintEndStruct; ...}, []>]
      VStack:[]
       Code:{Unwind}
      
      
 260) Output:"[2: 4 [2: 3 [2: 2 [2: 1 "
       Stack:[#66: Constr 1 []]
       Dump:[<{Print; PrintEndStruct; PrintEndStruct; ...}, []>]
      VStack:[]
       Code:{Unwind}
      
      
 261) Output:"[2: 4 [2: 3 [2: 2 [2: 1 "
       Stack:[#66: Constr 1 []]
       Dump:[]
      VStack:[]
       Code:{Print
             PrintEndStruct
             PrintEndStruct
             PrintEndStruct
             PrintEndStruct}
      
      
 262) Output:"[2: 4 [2: 3 [2: 2 [2: 1 [1: "
       Stack:[]
       Dump:[]
      VStack:[]
       Code:{PrintEndStruct
             PrintEndStruct
             PrintEndStruct
             PrintEndStruct
             PrintEndStruct}
      
      
 263) Output:"[2: 4 [2: 3 [2: 2 [2: 1 [1: ] "
       Stack:[]
       Dump:[]
      VStack:[]
       Code:{PrintEndStruct
             PrintEndStruct
             PrintEndStruct
             PrintEndStruct}
      
      
 264) Output:"[2: 4 [2: 3 [2: 2 [2: 1 [1: ] ] "
       Stack:[]
       Dump:[]
      VStack:[]
       Code:{PrintEndStruct
             PrintEndStruct
             PrintEndStruct}
      
      
 265) Output:"[2: 4 [2: 3 [2: 2 [2: 1 [1: ] ] ] "
       Stack:[]
       Dump:[]
      VStack:[]
       Code:{PrintEndStruct
             PrintEndStruct}
      
      
 266) Output:"[2: 4 [2: 3 [2: 2 [2: 1 [1: ] ] ] ] "
       Stack:[]
       Dump:[]
      VStack:[]
       Code:{PrintEndStruct}
      
      
 267) Output:"[2: 4 [2: 3 [2: 2 [2: 1 [1: ] ] ] ] ] "
       Stack:[]
       Dump:[]
      VStack:[]
       Code:{}
      
      


Steps taken = 266